{"/Users/tharathip_loom/Documents/dashboard/src/utils.ts":{"path":"/Users/tharathip_loom/Documents/dashboard/src/utils.ts","statementMap":{"0":{"start":{"line":8,"column":20},"end":{"line":8,"column":29}},"1":{"start":{"line":10,"column":23},"end":{"line":10,"column":59}},"2":{"start":{"line":12,"column":4},"end":{"line":14,"column":33}},"3":{"start":{"line":18,"column":22},"end":{"line":18,"column":71}},"4":{"start":{"line":19,"column":4},"end":{"line":19,"column":39}},"5":{"start":{"line":21,"column":33},"end":{"line":24,"column":1}},"6":{"start":{"line":26,"column":4},"end":{"line":26,"column":57}},"7":{"start":{"line":28,"column":21},"end":{"line":30,"column":1}},"8":{"start":{"line":29,"column":4},"end":{"line":29,"column":71}},"9":{"start":{"line":29,"column":36},"end":{"line":29,"column":69}},"10":{"start":{"line":32,"column":4},"end":{"line":33,"column":18}},"11":{"start":{"line":33,"column":8},"end":{"line":33,"column":18}},"12":{"start":{"line":34,"column":4},"end":{"line":34,"column":50}},"13":{"start":{"line":36,"column":31},"end":{"line":38,"column":2}},"14":{"start":{"line":36,"column":47},"end":{"line":38,"column":1}},"15":{"start":{"line":37,"column":58},"end":{"line":37,"column":84}},"16":{"start":{"line":40,"column":21},"end":{"line":40,"column":36}},"17":{"start":{"line":42,"column":4},"end":{"line":50,"column":5}},"18":{"start":{"line":43,"column":8},"end":{"line":43,"column":37}},"19":{"start":{"line":44,"column":8},"end":{"line":44,"column":45}},"20":{"start":{"line":47,"column":8},"end":{"line":47,"column":128}},"21":{"start":{"line":47,"column":75},"end":{"line":47,"column":125}},"22":{"start":{"line":48,"column":26},"end":{"line":48,"column":68}},"23":{"start":{"line":49,"column":8},"end":{"line":49,"column":72}},"24":{"start":{"line":51,"column":4},"end":{"line":51,"column":17}},"25":{"start":{"line":52,"column":4},"end":{"line":52,"column":16}},"26":{"start":{"line":54,"column":31},"end":{"line":68,"column":1}},"27":{"start":{"line":70,"column":4},"end":{"line":75,"column":5}},"28":{"start":{"line":71,"column":8},"end":{"line":71,"column":45}},"29":{"start":{"line":74,"column":8},"end":{"line":74,"column":23}},"30":{"start":{"line":78,"column":4},"end":{"line":83,"column":5}},"31":{"start":{"line":79,"column":8},"end":{"line":79,"column":45}},"32":{"start":{"line":82,"column":8},"end":{"line":82,"column":23}},"33":{"start":{"line":85,"column":34},"end":{"line":85,"column":107}},"34":{"start":{"line":85,"column":47},"end":{"line":85,"column":107}},"35":{"start":{"line":86,"column":36},"end":{"line":86,"column":119}},"36":{"start":{"line":86,"column":49},"end":{"line":86,"column":119}},"37":{"start":{"line":88,"column":4},"end":{"line":90,"column":5}},"38":{"start":{"line":89,"column":8},"end":{"line":89,"column":63}},"39":{"start":{"line":91,"column":4},"end":{"line":91,"column":17}},"40":{"start":{"line":97,"column":19},"end":{"line":101,"column":5}},"41":{"start":{"line":102,"column":18},"end":{"line":102,"column":61}},"42":{"start":{"line":103,"column":4},"end":{"line":114,"column":5}},"43":{"start":{"line":104,"column":31},"end":{"line":104,"column":90}},"44":{"start":{"line":104,"column":59},"end":{"line":104,"column":82}},"45":{"start":{"line":105,"column":30},"end":{"line":105,"column":88}},"46":{"start":{"line":105,"column":58},"end":{"line":105,"column":80}},"47":{"start":{"line":107,"column":8},"end":{"line":112,"column":9}},"48":{"start":{"line":108,"column":12},"end":{"line":108,"column":65}},"49":{"start":{"line":111,"column":12},"end":{"line":111,"column":59}},"50":{"start":{"line":113,"column":8},"end":{"line":113,"column":65}},"51":{"start":{"line":115,"column":4},"end":{"line":115,"column":24}},"52":{"start":{"line":123,"column":19},"end":{"line":123,"column":49}},"53":{"start":{"line":125,"column":20},"end":{"line":125,"column":70}},"54":{"start":{"line":125,"column":45},"end":{"line":125,"column":69}},"55":{"start":{"line":126,"column":4},"end":{"line":131,"column":5}},"56":{"start":{"line":127,"column":8},"end":{"line":127,"column":34}},"57":{"start":{"line":128,"column":24},"end":{"line":128,"column":67}},"58":{"start":{"line":129,"column":8},"end":{"line":129,"column":30}},"59":{"start":{"line":130,"column":8},"end":{"line":130,"column":65}},"60":{"start":{"line":134,"column":4},"end":{"line":134,"column":102}},"61":{"start":{"line":137,"column":4},"end":{"line":140,"column":25}},"62":{"start":{"line":140,"column":8},"end":{"line":140,"column":25}},"63":{"start":{"line":142,"column":17},"end":{"line":142,"column":28}},"64":{"start":{"line":143,"column":4},"end":{"line":144,"column":18}},"65":{"start":{"line":144,"column":8},"end":{"line":144,"column":18}},"66":{"start":{"line":145,"column":4},"end":{"line":146,"column":22}},"67":{"start":{"line":146,"column":8},"end":{"line":146,"column":22}},"68":{"start":{"line":147,"column":4},"end":{"line":148,"column":23}},"69":{"start":{"line":148,"column":8},"end":{"line":148,"column":23}},"70":{"start":{"line":149,"column":4},"end":{"line":150,"column":26}},"71":{"start":{"line":150,"column":8},"end":{"line":150,"column":26}},"72":{"start":{"line":151,"column":4},"end":{"line":152,"column":29}},"73":{"start":{"line":152,"column":8},"end":{"line":152,"column":29}},"74":{"start":{"line":153,"column":4},"end":{"line":154,"column":24}},"75":{"start":{"line":154,"column":8},"end":{"line":154,"column":24}},"76":{"start":{"line":155,"column":4},"end":{"line":156,"column":26}},"77":{"start":{"line":156,"column":8},"end":{"line":156,"column":26}},"78":{"start":{"line":157,"column":4},"end":{"line":158,"column":24}},"79":{"start":{"line":158,"column":8},"end":{"line":158,"column":24}},"80":{"start":{"line":159,"column":4},"end":{"line":160,"column":26}},"81":{"start":{"line":160,"column":8},"end":{"line":160,"column":26}},"82":{"start":{"line":161,"column":4},"end":{"line":161,"column":14}},"83":{"start":{"line":163,"column":34},"end":{"line":163,"column":77}},"84":{"start":{"line":164,"column":35},"end":{"line":164,"column":82}}},"fnMap":{"0":{"name":"formatToCrypto","decl":{"start":{"line":9,"column":16},"end":{"line":9,"column":30}},"loc":{"start":{"line":9,"column":39},"end":{"line":15,"column":1}},"line":9},"1":{"name":"parseToWei","decl":{"start":{"line":16,"column":16},"end":{"line":16,"column":26}},"loc":{"start":{"line":16,"column":49},"end":{"line":20,"column":1}},"line":16},"2":{"name":"getRandomInt","decl":{"start":{"line":25,"column":16},"end":{"line":25,"column":28}},"loc":{"start":{"line":25,"column":39},"end":{"line":27,"column":1}},"line":25},"3":{"name":"(anonymous_3)","decl":{"start":{"line":28,"column":21},"end":{"line":28,"column":22}},"loc":{"start":{"line":28,"column":39},"end":{"line":30,"column":1}},"line":28},"4":{"name":"(anonymous_4)","decl":{"start":{"line":29,"column":23},"end":{"line":29,"column":24}},"loc":{"start":{"line":29,"column":36},"end":{"line":29,"column":69}},"line":29},"5":{"name":"capitalize","decl":{"start":{"line":31,"column":16},"end":{"line":31,"column":26}},"loc":{"start":{"line":31,"column":30},"end":{"line":35,"column":1}},"line":31},"6":{"name":"(anonymous_6)","decl":{"start":{"line":36,"column":31},"end":{"line":36,"column":32}},"loc":{"start":{"line":36,"column":47},"end":{"line":38,"column":1}},"line":36},"7":{"name":"(anonymous_7)","decl":{"start":{"line":37,"column":37},"end":{"line":37,"column":38}},"loc":{"start":{"line":37,"column":58},"end":{"line":37,"column":84}},"line":37},"8":{"name":"getCardByTokenId","decl":{"start":{"line":39,"column":16},"end":{"line":39,"column":32}},"loc":{"start":{"line":39,"column":37},"end":{"line":53,"column":1}},"line":39},"9":{"name":"(anonymous_9)","decl":{"start":{"line":47,"column":67},"end":{"line":47,"column":68}},"loc":{"start":{"line":47,"column":75},"end":{"line":47,"column":125}},"line":47},"10":{"name":"formatToLoomAddress","decl":{"start":{"line":69,"column":16},"end":{"line":69,"column":35}},"loc":{"start":{"line":69,"column":45},"end":{"line":76,"column":1}},"line":69},"11":{"name":"formatFromLoomAddress","decl":{"start":{"line":77,"column":16},"end":{"line":77,"column":37}},"loc":{"start":{"line":77,"column":47},"end":{"line":84,"column":1}},"line":77},"12":{"name":"(anonymous_12)","decl":{"start":{"line":85,"column":34},"end":{"line":85,"column":35}},"loc":{"start":{"line":85,"column":47},"end":{"line":85,"column":107}},"line":85},"13":{"name":"(anonymous_13)","decl":{"start":{"line":86,"column":36},"end":{"line":86,"column":37}},"loc":{"start":{"line":86,"column":49},"end":{"line":86,"column":119}},"line":86},"14":{"name":"getRequired","decl":{"start":{"line":87,"column":16},"end":{"line":87,"column":27}},"loc":{"start":{"line":87,"column":41},"end":{"line":92,"column":1}},"line":87},"15":{"name":"getWalletFromLocalStorage","decl":{"start":{"line":96,"column":16},"end":{"line":96,"column":41}},"loc":{"start":{"line":96,"column":47},"end":{"line":116,"column":1}},"line":96},"16":{"name":"(anonymous_16)","decl":{"start":{"line":104,"column":48},"end":{"line":104,"column":49}},"loc":{"start":{"line":104,"column":59},"end":{"line":104,"column":82}},"line":104},"17":{"name":"(anonymous_17)","decl":{"start":{"line":105,"column":47},"end":{"line":105,"column":48}},"loc":{"start":{"line":105,"column":58},"end":{"line":105,"column":80}},"line":105},"18":{"name":"setNewTokenToLocalStorage","decl":{"start":{"line":122,"column":16},"end":{"line":122,"column":41}},"loc":{"start":{"line":122,"column":54},"end":{"line":132,"column":1}},"line":122},"19":{"name":"(anonymous_19)","decl":{"start":{"line":125,"column":32},"end":{"line":125,"column":33}},"loc":{"start":{"line":125,"column":45},"end":{"line":125,"column":69}},"line":125},"20":{"name":"isMobile","decl":{"start":{"line":133,"column":16},"end":{"line":133,"column":24}},"loc":{"start":{"line":133,"column":27},"end":{"line":135,"column":1}},"line":133},"21":{"name":"detectedWallet","decl":{"start":{"line":136,"column":16},"end":{"line":136,"column":30}},"loc":{"start":{"line":136,"column":33},"end":{"line":162,"column":1}},"line":136}},"branchMap":{"0":{"loc":{"start":{"line":12,"column":11},"end":{"line":14,"column":32}},"type":"cond-expr","locations":[{"start":{"line":13,"column":10},"end":{"line":13,"column":32}},{"start":{"line":14,"column":10},"end":{"line":14,"column":32}}],"line":12},"1":{"loc":{"start":{"line":12,"column":11},"end":{"line":12,"column":47}},"type":"binary-expr","locations":[{"start":{"line":12,"column":11},"end":{"line":12,"column":27}},{"start":{"line":12,"column":31},"end":{"line":12,"column":47}}],"line":12},"2":{"loc":{"start":{"line":16,"column":35},"end":{"line":16,"column":47}},"type":"default-arg","locations":[{"start":{"line":16,"column":45},"end":{"line":16,"column":47}}],"line":16},"3":{"loc":{"start":{"line":32,"column":4},"end":{"line":33,"column":18}},"type":"if","locations":[{"start":{"line":32,"column":4},"end":{"line":33,"column":18}},{"start":{"line":32,"column":4},"end":{"line":33,"column":18}}],"line":32},"4":{"loc":{"start":{"line":42,"column":4},"end":{"line":50,"column":5}},"type":"if","locations":[{"start":{"line":42,"column":4},"end":{"line":50,"column":5}},{"start":{"line":42,"column":4},"end":{"line":50,"column":5}}],"line":42},"5":{"loc":{"start":{"line":49,"column":25},"end":{"line":49,"column":71}},"type":"cond-expr","locations":[{"start":{"line":49,"column":51},"end":{"line":49,"column":59}},{"start":{"line":49,"column":62},"end":{"line":49,"column":71}}],"line":49},"6":{"loc":{"start":{"line":70,"column":4},"end":{"line":75,"column":5}},"type":"if","locations":[{"start":{"line":70,"column":4},"end":{"line":75,"column":5}},{"start":{"line":70,"column":4},"end":{"line":75,"column":5}}],"line":70},"7":{"loc":{"start":{"line":78,"column":4},"end":{"line":83,"column":5}},"type":"if","locations":[{"start":{"line":78,"column":4},"end":{"line":83,"column":5}},{"start":{"line":78,"column":4},"end":{"line":83,"column":5}}],"line":78},"8":{"loc":{"start":{"line":85,"column":47},"end":{"line":85,"column":107}},"type":"cond-expr","locations":[{"start":{"line":85,"column":69},"end":{"line":85,"column":97}},{"start":{"line":85,"column":100},"end":{"line":85,"column":107}}],"line":85},"9":{"loc":{"start":{"line":86,"column":49},"end":{"line":86,"column":119}},"type":"cond-expr","locations":[{"start":{"line":86,"column":81},"end":{"line":86,"column":109}},{"start":{"line":86,"column":112},"end":{"line":86,"column":119}}],"line":86},"10":{"loc":{"start":{"line":88,"column":4},"end":{"line":90,"column":5}},"type":"if","locations":[{"start":{"line":88,"column":4},"end":{"line":90,"column":5}},{"start":{"line":88,"column":4},"end":{"line":90,"column":5}}],"line":88},"11":{"loc":{"start":{"line":88,"column":8},"end":{"line":88,"column":45}},"type":"binary-expr","locations":[{"start":{"line":88,"column":8},"end":{"line":88,"column":22}},{"start":{"line":88,"column":26},"end":{"line":88,"column":45}}],"line":88},"12":{"loc":{"start":{"line":103,"column":4},"end":{"line":114,"column":5}},"type":"if","locations":[{"start":{"line":103,"column":4},"end":{"line":114,"column":5}},{"start":{"line":103,"column":4},"end":{"line":114,"column":5}}],"line":103},"13":{"loc":{"start":{"line":103,"column":8},"end":{"line":103,"column":55}},"type":"binary-expr","locations":[{"start":{"line":103,"column":8},"end":{"line":103,"column":16}},{"start":{"line":103,"column":20},"end":{"line":103,"column":55}}],"line":103},"14":{"loc":{"start":{"line":107,"column":8},"end":{"line":112,"column":9}},"type":"if","locations":[{"start":{"line":107,"column":8},"end":{"line":112,"column":9}},{"start":{"line":107,"column":8},"end":{"line":112,"column":9}}],"line":107},"15":{"loc":{"start":{"line":126,"column":4},"end":{"line":131,"column":5}},"type":"if","locations":[{"start":{"line":126,"column":4},"end":{"line":131,"column":5}},{"start":{"line":126,"column":4},"end":{"line":131,"column":5}}],"line":126},"16":{"loc":{"start":{"line":137,"column":4},"end":{"line":140,"column":25}},"type":"if","locations":[{"start":{"line":137,"column":4},"end":{"line":140,"column":25}},{"start":{"line":137,"column":4},"end":{"line":140,"column":25}}],"line":137},"17":{"loc":{"start":{"line":137,"column":8},"end":{"line":139,"column":59}},"type":"binary-expr","locations":[{"start":{"line":137,"column":8},"end":{"line":137,"column":27}},{"start":{"line":139,"column":9},"end":{"line":139,"column":29}},{"start":{"line":139,"column":33},"end":{"line":139,"column":58}}],"line":137},"18":{"loc":{"start":{"line":143,"column":4},"end":{"line":144,"column":18}},"type":"if","locations":[{"start":{"line":143,"column":4},"end":{"line":144,"column":18}},{"start":{"line":143,"column":4},"end":{"line":144,"column":18}}],"line":143},"19":{"loc":{"start":{"line":145,"column":4},"end":{"line":146,"column":22}},"type":"if","locations":[{"start":{"line":145,"column":4},"end":{"line":146,"column":22}},{"start":{"line":145,"column":4},"end":{"line":146,"column":22}}],"line":145},"20":{"loc":{"start":{"line":147,"column":4},"end":{"line":148,"column":23}},"type":"if","locations":[{"start":{"line":147,"column":4},"end":{"line":148,"column":23}},{"start":{"line":147,"column":4},"end":{"line":148,"column":23}}],"line":147},"21":{"loc":{"start":{"line":149,"column":4},"end":{"line":150,"column":26}},"type":"if","locations":[{"start":{"line":149,"column":4},"end":{"line":150,"column":26}},{"start":{"line":149,"column":4},"end":{"line":150,"column":26}}],"line":149},"22":{"loc":{"start":{"line":151,"column":4},"end":{"line":152,"column":29}},"type":"if","locations":[{"start":{"line":151,"column":4},"end":{"line":152,"column":29}},{"start":{"line":151,"column":4},"end":{"line":152,"column":29}}],"line":151},"23":{"loc":{"start":{"line":153,"column":4},"end":{"line":154,"column":24}},"type":"if","locations":[{"start":{"line":153,"column":4},"end":{"line":154,"column":24}},{"start":{"line":153,"column":4},"end":{"line":154,"column":24}}],"line":153},"24":{"loc":{"start":{"line":155,"column":4},"end":{"line":156,"column":26}},"type":"if","locations":[{"start":{"line":155,"column":4},"end":{"line":156,"column":26}},{"start":{"line":155,"column":4},"end":{"line":156,"column":26}}],"line":155},"25":{"loc":{"start":{"line":157,"column":4},"end":{"line":158,"column":24}},"type":"if","locations":[{"start":{"line":157,"column":4},"end":{"line":158,"column":24}},{"start":{"line":157,"column":4},"end":{"line":158,"column":24}}],"line":157},"26":{"loc":{"start":{"line":159,"column":4},"end":{"line":160,"column":26}},"type":"if","locations":[{"start":{"line":159,"column":4},"end":{"line":160,"column":26}},{"start":{"line":159,"column":4},"end":{"line":160,"column":26}}],"line":159}},"s":{"0":1,"1":0,"2":0,"3":4,"4":4,"5":1,"6":0,"7":1,"8":0,"9":0,"10":0,"11":0,"12":0,"13":1,"14":0,"15":0,"16":3,"17":3,"18":0,"19":0,"20":3,"21":211,"22":3,"23":3,"24":3,"25":3,"26":1,"27":0,"28":0,"29":0,"30":2,"31":0,"32":2,"33":1,"34":0,"35":1,"36":0,"37":0,"38":0,"39":0,"40":0,"41":0,"42":0,"43":0,"44":0,"45":0,"46":0,"47":0,"48":0,"49":0,"50":0,"51":0,"52":0,"53":0,"54":0,"55":0,"56":0,"57":0,"58":0,"59":0,"60":0,"61":0,"62":0,"63":0,"64":0,"65":0,"66":0,"67":0,"68":0,"69":0,"70":0,"71":0,"72":0,"73":0,"74":0,"75":0,"76":0,"77":0,"78":0,"79":0,"80":0,"81":0,"82":0,"83":1,"84":1},"f":{"0":0,"1":4,"2":0,"3":0,"4":0,"5":0,"6":0,"7":0,"8":3,"9":211,"10":0,"11":2,"12":0,"13":0,"14":0,"15":0,"16":0,"17":0,"18":0,"19":0,"20":0,"21":0},"b":{"0":[0,0],"1":[0,0],"2":[4],"3":[0,0],"4":[0,3],"5":[0,3],"6":[0,0],"7":[0,2],"8":[0,0],"9":[0,0],"10":[0,0],"11":[0,0],"12":[0,0],"13":[0,0],"14":[0,0],"15":[0,0],"16":[0,0],"17":[0,0,0],"18":[0,0],"19":[0,0],"20":[0,0],"21":[0,0],"22":[0,0],"23":[0,0],"24":[0,0],"25":[0,0],"26":[0,0]},"inputSourceMap":{"version":3,"file":"/Users/tharathip_loom/Documents/dashboard/src/utils.ts","sourceRoot":"","sources":["/Users/tharathip_loom/Documents/dashboard/src/utils.ts"],"names":[],"mappings":"AAAA,OAAO,EAAE,MAAM,OAAO,CAAA;AACtB,OAAO,SAAS,MAAM,cAAc,CAAA;AACpC,OAAO,KAAK,MAAM,mBAAmB,CAAA;AACrC,OAAO,WAAW,MAAM,wBAAwB,CAAA;AAEhD,OAAO,gBAAgB,MAAM,wCAAwC,CAAA;AACrE,OAAO,YAAY,MAAM,qCAAqC,CAAA;AAC9D,OAAO,SAAS,MAAM,iCAAiC,CAAA;AAEvD,MAAM,CAAC,MAAM,IAAI,GAAG,IAAI,EAAE,CAAC,CAAC,CAAC,CAAA;AAE7B,MAAM,UAAU,cAAc,CAAC,MAAM;IACnC,MAAM,UAAU,GAAG,IAAI,SAAS,CAAC,MAAM,GAAG,EAAE,IAAI,EAAE,EAAE,EAAE,CAAC,CAAA;IACvD,6BAA6B;IAC7B,OAAO,UAAU,CAAC,EAAE,CAAC,CAAC,CAAC,IAAI,UAAU,CAAC,EAAE,CAAC,CAAC,CAAC;QACzC,CAAC,CAAC,UAAU,CAAC,QAAQ,CAAC,CAAC,CAAC;QACxB,CAAC,CAAC,UAAU,CAAC,QAAQ,CAAC,CAAC,CAAC,CAAA;AAC5B,CAAC;AAED,MAAM,UAAU,UAAU,CAAC,MAAc,EAAE,OAAO,GAAG,EAAE;IACrD,kBAAkB;IAClB,MAAM,SAAS,GAAG,IAAI,SAAS,CAAC,MAAM,CAAC,CAAC,YAAY,CAAC,EAAE,IAAI,OAAO,CAAC,CAAA;IACnE,OAAO,IAAI,EAAE,CAAC,SAAS,CAAC,OAAO,EAAE,CAAC,CAAA;AACpC,CAAC;AAED,MAAM,CAAC,MAAM,iBAAiB,GAAG;IAC/B,CAAC,EAAE,CAAC,MAAM,CAAC;IACX,CAAC,EAAE,CAAC,SAAS,EAAE,OAAO,CAAC;CACxB,CAAA;AAED,MAAM,UAAU,YAAY,CAAC,GAAG,EAAE,GAAG;IACnC,OAAO,IAAI,CAAC,KAAK,CAAC,IAAI,CAAC,MAAM,EAAE,GAAG,CAAC,GAAG,GAAG,GAAG,CAAC,CAAC,GAAG,GAAG,CAAA;AACtD,CAAC;AAED,MAAM,CAAC,MAAM,KAAK,GAAG,CAAC,YAAY,EAAE,EAAE;IACpC,OAAO,IAAI,OAAO,CAAC,CAAC,OAAO,EAAE,EAAE,CAAC,UAAU,CAAC,OAAO,EAAE,YAAY,CAAC,CAAC,CAAA;AACpE,CAAC,CAAA;AAED,MAAM,UAAU,UAAU,CAAC,CAAS;IAClC,IAAI,OAAO,CAAC,KAAK,QAAQ;QAAE,OAAO,EAAE,CAAA;IACpC,OAAO,CAAC,CAAC,MAAM,CAAC,CAAC,CAAC,CAAC,WAAW,EAAE,GAAG,CAAC,CAAC,KAAK,CAAC,CAAC,CAAC,CAAA;AAC/C,CAAC;AAED,MAAM,CAAC,MAAM,eAAe,GAAG,CAAC,SAAS,EAAE,EAAE,CAAC,CAAC;IAC7C,CAAC,MAAM,UAAU,CAAC,SAAS,CAAC,EAAE,CAAC,EAAE,CAAC,KAAK,EAAE,OAAO,EAAE,EAAE,CAClD,CAAC,KAAK,CAAC,SAAS,CAAC,GAAG,OAAO,CAAC;CAC/B,CAAC,CAAA;AAEF,MAAM,UAAU,gBAAgB,CAAC,EAAU;IACzC,IAAI,UAAU,GAAG,WAAW,CAAC,EAAE,CAAC,CAAA;IAChC,IAAI,IAAI,CAAA;IACR,IAAI,CAAC,UAAU,EAAE;QACf,UAAU,GAAG,eAAe,CAAA;QAC5B,IAAI,GAAG,MAAM,CAAC,MAAM,CAAC,EAAE,EAAE,UAAU,CAAC,CAAA;KACrC;SAAM;QACL,IAAI,GAAG,MAAM,CAAC,MAAM,CAClB,EAAE,EACF,eAAe,EACf,KAAK,CAAC,KAAK,CAAC,IAAI,CAAC,CAAC,EAAE,EAAE,EAAE,CAAC,QAAQ,CAAC,EAAE,CAAC,UAAU,EAAE,EAAE,CAAC,KAAK,UAAU,CAAC,OAAO,CAAC,CAC7E,CAAA;QACD,MAAM,SAAS,GAAG,UAAU,CAAC,OAAO,CAAC,OAAO,CAAC,UAAU,EAAE,EAAE,CAAC,CAAA;QAC5D,IAAI,CAAC,SAAS,GAAG,SAAS,KAAK,SAAS,CAAC,CAAC,CAAC,QAAQ,CAAC,CAAC,CAAC,SAAS,CAAA;KAChE;IACD,IAAI,CAAC,EAAE,GAAG,EAAE,CAAA;IACZ,OAAO,IAAI,CAAA;AACb,CAAC;AAED,MAAM,CAAC,MAAM,eAAe,GAAG;IAC7B,YAAY,EAAE,MAAM;IACpB,UAAU,EAAE,GAAG;IACf,UAAU,EAAE,GAAG;IACf,KAAK,EAAE,eAAe;IACtB,KAAK,EAAE,gBAAgB;IACvB,SAAS,EAAE,CAAC;IACZ,OAAO,EAAE,kBAAkB;IAC3B,SAAS,EAAE,UAAU;IACrB,UAAU,EAAE,KAAK;IACjB,OAAO,EAAE,KAAK;IACd,UAAU,EAAE,KAAK;IACjB,EAAE,EAAE,KAAK;IACT,SAAS,EAAE,KAAK;CACjB,CAAA;AAED,MAAM,UAAU,mBAAmB,CAAC,OAAe;IACjD,IAAI,KAAK,CAAC,IAAI,CAAC,OAAO,CAAC,EAAE;QACvB,OAAO,OAAO,CAAC,OAAO,CAAC,IAAI,EAAE,MAAM,CAAC,CAAA;KACrC;SAAM;QACL,OAAO,OAAO,CAAA;KACf;AACH,CAAC;AAED,MAAM,UAAU,qBAAqB,CAAC,OAAe;IACnD,IAAI,OAAO,CAAC,KAAK,CAAC,CAAC,EAAE,CAAC,CAAC,KAAK,MAAM,EAAE;QAClC,OAAO,OAAO,CAAC,OAAO,CAAC,MAAM,EAAE,IAAI,CAAC,CAAA;KACrC;SAAM;QACL,OAAO,OAAO,CAAA;KACf;AACH,CAAC;AAED,MAAM,CAAC,MAAM,kBAAkB,GAAG,CAAC,OAAe,EAAE,EAAE,CACpD,KAAK,CAAC,IAAI,CAAC,OAAO,CAAC,CAAC,CAAC,CAAC,OAAO,CAAC,OAAO,CAAC,IAAI,EAAE,KAAK,CAAC,CAAC,CAAC,CAAC,OAAO,CAAA;AAE9D,MAAM,CAAC,MAAM,oBAAoB,GAAG,CAAC,OAAe,EAAE,EAAE,CACtD,OAAO,CAAC,KAAK,CAAC,CAAC,EAAE,CAAC,CAAC,KAAK,KAAK,CAAC,CAAC,CAAC,OAAO,CAAC,OAAO,CAAC,KAAK,EAAE,IAAI,CAAC,CAAC,CAAC,CAAC,OAAO,CAAA;AAExE,MAAM,UAAU,WAAW,CAAI,KAA2B,EAAE,IAAY;IACtE,IAAI,KAAK,KAAK,IAAI,IAAI,KAAK,KAAK,SAAS,EAAE;QACzC,MAAM,IAAI,KAAK,CAAC,8BAA8B,GAAG,IAAI,CAAC,CAAA;KACvD;IACD,OAAO,KAAK,CAAA;AACd,CAAC;AAED;;GAEG;AACH,MAAM,UAAU,yBAAyB,CAAC,GAAW;IACnD,MAAM,MAAM,GAAG;QACb,YAAY,EAAE,gBAAgB;QAC9B,SAAS,EAAE,YAAY;QACvB,KAAK,EAAE,SAAS;KACjB,CAAA;IACD,IAAI,OAAO,GAAG,IAAI,CAAC,KAAK,CAAC,YAAY,CAAC,OAAO,CAAC,SAAS,CAAE,CAAC,CAAA,CAAC,+BAA+B;IAE1F,IAAI,CAAC,OAAO,IAAI,CAAC,MAAM,CAAC,IAAI,CAAC,OAAO,CAAC,CAAC,QAAQ,CAAC,GAAG,CAAC,EAAE;QACnD,MAAM,cAAc,GAAG,MAAM,CAAC,GAAG,CAAC,CAAC,IAAI,CAAC,CAAC,KAAK,EAAE,EAAE,CAAC,KAAK,CAAC,MAAM,KAAK,MAAM,CAAE,CAAC,MAAM,CAAA;QACnF,MAAM,aAAa,GAAG,MAAM,CAAC,GAAG,CAAC,CAAC,IAAI,CAAC,CAAC,KAAK,EAAE,EAAE,CAAC,KAAK,CAAC,MAAM,KAAK,KAAK,CAAE,CAAC,MAAM,CAAA;QAEjF,wBAAwB;QACxB,IAAI,CAAC,OAAO,EAAE;YACZ,OAAO,GAAG,EAAE,CAAC,GAAG,CAAC,EAAE,CAAC,cAAc,EAAE,aAAa,CAAC,EAAE,CAAA;SACrD;aAAM;YACL,OAAO,CAAC,GAAG,CAAC,GAAG,CAAC,cAAc,EAAE,aAAa,CAAC,CAAA;SAC/C;QAED,YAAY,CAAC,OAAO,CAAC,SAAS,EAAE,IAAI,CAAC,SAAS,CAAC,OAAO,CAAC,CAAC,CAAA,CAAC,6BAA6B;KACvF;IAED,OAAO,OAAO,CAAC,GAAG,CAAC,CAAA;AACrB,CAAC;AAED;;;;GAIG;AACH,MAAM,UAAU,yBAAyB,CAAC,KAAgB,EAAE,GAAW;IACrE,MAAM,MAAM,GAAG,yBAAyB,CAAC,GAAG,CAAC,CAAA;IAC7C,mCAAmC;IACnC,MAAM,OAAO,GAAG,MAAM,CAAC,IAAI,CAAC,CAAC,OAAO,EAAE,EAAE,CAAC,KAAK,CAAC,MAAM,KAAK,OAAO,CAAC,CAAA;IAClE,IAAI,CAAC,OAAO,EAAE;QACZ,MAAM,CAAC,IAAI,CAAC,KAAK,CAAC,MAAM,CAAC,CAAA;QACzB,MAAM,OAAO,GAAG,IAAI,CAAC,KAAK,CAAC,YAAY,CAAC,OAAO,CAAC,SAAS,CAAE,CAAC,CAAA;QAC5D,OAAO,CAAC,GAAG,CAAC,GAAG,MAAM,CAAA;QACrB,YAAY,CAAC,OAAO,CAAC,SAAS,EAAE,IAAI,CAAC,SAAS,CAAC,OAAO,CAAC,CAAC,CAAA;KACzD;AACH,CAAC;AAED,MAAM,UAAU,QAAQ;IACtB,OAAO,gEAAgE,CAAC,IAAI,CAAC,SAAS,CAAC,SAAS,CAAC,CAAA;AACnG,CAAC;AAED,MAAM,UAAU,cAAc;IAC5B,IAAI,SAAS,IAAI,MAAM;QACrB,aAAa;QACb,CAAC,UAAU,IAAI,MAAM,IAAI,MAAM,CAAC,QAAQ,CAAC,SAAS,CAAC;QACnD,OAAO,SAAS,CAAA;IAElB,aAAa;IACb,MAAM,IAAI,GAAG,MAAM,CAAC,IAAI,CAAA;IACxB,IAAI,CAAC,IAAI;QAAE,OAAO,EAAE,CAAA;IAEpB,IAAI,IAAI,CAAC,MAAM;QAAE,OAAO,MAAM,CAAA;IAE9B,IAAI,IAAI,CAAC,eAAe,CAAC,OAAO;QAAE,OAAO,OAAO,CAAA;IAEhD,IAAI,IAAI,CAAC,eAAe,CAAC,UAAU;QAAE,OAAO,UAAU,CAAA;IAEtD,IAAI,IAAI,CAAC,eAAe,CAAC,aAAa;QAAE,OAAO,aAAa,CAAA;IAE5D,IAAI,IAAI,CAAC,eAAe,CAAC,QAAQ;QAAE,OAAO,QAAQ,CAAA;IAElD,IAAI,IAAI,CAAC,eAAe,CAAC,OAAO;QAAE,OAAO,UAAU,CAAA;IAEnD,IAAI,YAAY,IAAI,MAAM;QAAE,OAAO,QAAQ,CAAA;IAE3C,IAAI,IAAI,CAAC,eAAe,CAAC,UAAU;QAAE,OAAO,UAAU,CAAA;IAEtD,OAAO,EAAE,CAAA;AACX,CAAC;AACD,MAAM,CAAC,MAAM,kBAAkB,GAAG,IAAI,EAAE,CAAC,GAAG,CAAC,CAAC,GAAG,CAAC,IAAI,EAAE,CAAC,EAAE,CAAC,CAAC,GAAG,CAAC,IAAI,EAAE,CAAC,EAAE,CAAC,CAAC,CAAC,CAAA,CAAC,UAAU;AACxF,MAAM,CAAC,MAAM,mBAAmB,GAAG,IAAI,EAAE,CAAC,OAAO,CAAC,CAAC,GAAG,CAAC,IAAI,EAAE,CAAC,EAAE,CAAC,CAAC,GAAG,CAAC,IAAI,EAAE,CAAC,EAAE,CAAC,CAAC,CAAC,CAAA,CAAC,iBAAiB","sourcesContent":["import BN from \"bn.js\"\nimport BigNumber from \"bignumber.js\"\nimport Cards from \"./data/cards.json\"\nimport CardDetails from \"./data/cardDetail.json\"\nimport { TokenData } from \"./services/TokenService\"\nimport productionTokens from \"@/assets/tokens/production.tokens.json\"\nimport extDevTokens from \"@/assets/tokens/ext-dev.tokens.json\"\nimport devTokens from \"@/assets/tokens/dev.tokens.json\"\n\nexport const ZERO = new BN(0)\n\nexport function formatToCrypto(amount) {\n  const conversion = new BigNumber(amount / 10 ** 18, 10)\n  // show gwei if less than one\n  return conversion.lt(1) && conversion.gt(0)\n    ? conversion.toFormat(9)\n    : conversion.toFormat(2)\n}\n\nexport function parseToWei(amount: string, decimal = 18) {\n  // BN is ints only\n  const bigNumber = new BigNumber(amount).multipliedBy(10 ** decimal)\n  return new BN(bigNumber.toFixed())\n}\n\nexport const DOMAIN_NETWORK_ID = {\n  1: [\"loom\"],\n  4: [\"rinkeby\", \"local\"],\n}\n\nexport function getRandomInt(min, max) {\n  return Math.floor(Math.random() * (max - min)) + min\n}\n\nexport const sleep = (milliseconds) => {\n  return new Promise((resolve) => setTimeout(resolve, milliseconds))\n}\n\nexport function capitalize(s: string) {\n  if (typeof s !== \"string\") return \"\"\n  return s.charAt(0).toUpperCase() + s.slice(1)\n}\n\nexport const simpleMutations = (stateName) => ({\n  [`set${capitalize(stateName)}`]: (state, payload) =>\n    (state[stateName] = payload),\n})\n\nexport function getCardByTokenId(id: string) {\n  let cardDetail = CardDetails[id]\n  let card\n  if (!cardDetail) {\n    cardDetail = defaultCardData\n    card = Object.assign({}, cardDetail)\n  } else {\n    card = Object.assign(\n      {},\n      defaultCardData,\n      Cards.cards.find((cd) => parseInt(cd.mould_type, 10) === cardDetail.mouldId),\n    )\n    const variation = cardDetail.variant.replace(\"-edition\", \"\")\n    card.variation = variation === \"backers\" ? \"backer\" : variation\n  }\n  card.id = id\n  return card\n}\n\nexport const defaultCardData = {\n  display_name: \"Card\",\n  priceInUSD: 0.0,\n  priceInETH: 0.0,\n  image: \"question_card\",\n  title: \"A Great Zombie\",\n  inventory: 0,\n  variant: \"standard-edition\",\n  variation: \"standard\",\n  mould_type: \"001\",\n  element: \"AIR\",\n  originalID: \"001\",\n  id: \"001\",\n  tradeable: false,\n}\n\nexport function formatToLoomAddress(address: string) {\n  if (/^0x/.test(address)) {\n    return address.replace(\"0x\", \"loom\")\n  } else {\n    return address\n  }\n}\n\nexport function formatFromLoomAddress(address: string) {\n  if (address.slice(0, 4) === \"loom\") {\n    return address.replace(\"loom\", \"0x\")\n  } else {\n    return address\n  }\n}\n\nexport const formatToBNBAddress = (address: string) =>\n  /^0x/.test(address) ? address.replace(\"0x\", \"bnb\") : address\n\nexport const formatFromBNBAddress = (address: string) =>\n  address.slice(0, 3) === \"bnb\" ? address.replace(\"bnb\", \"0x\") : address\n\nexport function getRequired<T>(value: T | null | undefined, name: string): T {\n  if (value === null || value === undefined) {\n    throw new Error(\"Value required but was null \" + name)\n  }\n  return value\n}\n\n/**\n * Return list of token symbol from localStorage\n */\nexport function getWalletFromLocalStorage(env: string) {\n  const tokens = {\n    \"production\": productionTokens,\n    \"ext-dev\": extDevTokens,\n    \"dev\": devTokens,\n  }\n  let wallets = JSON.parse(localStorage.getItem(\"wallets\")!) // Get wallet from localStorage\n\n  if (!wallets || !Object.keys(wallets).includes(env)) {\n    const plasmaLoomAddr = tokens[env].find((token) => token.symbol === \"LOOM\")!.plasma\n    const plasmaEthAddr = tokens[env].find((token) => token.symbol === \"ETH\")!.plasma\n\n    // Create default wallet\n    if (!wallets) {\n      wallets = { [env]: [plasmaLoomAddr, plasmaEthAddr] }\n    } else {\n      wallets[env] = [plasmaLoomAddr, plasmaEthAddr]\n    }\n\n    localStorage.setItem(\"wallets\", JSON.stringify(wallets)) // set wallet to localStorage\n  }\n\n  return wallets[env]\n}\n\n/**\n * To add the new token symbol into wallet, then update wallet in localStorage\n * @param token Token data\n * @param env Current environment\n */\nexport function setNewTokenToLocalStorage(token: TokenData, env: string) {\n  const wallet = getWalletFromLocalStorage(env)\n  // check symbol not exist in wallet\n  const isExist = wallet.find((address) => token.plasma === address)\n  if (!isExist) {\n    wallet.push(token.plasma)\n    const wallets = JSON.parse(localStorage.getItem(\"wallets\")!)\n    wallets[env] = wallet\n    localStorage.setItem(\"wallets\", JSON.stringify(wallets))\n  }\n}\n\nexport function isMobile() {\n  return /Android|webOS|iPhone|iPad|iPod|BlackBerry|IEMobile|Opera Mini/i.test(navigator.userAgent)\n}\n\nexport function detectedWallet() {\n  if (\"imToken\" in window ||\n    // @ts-ignore\n    (\"ethereum\" in window && window.ethereum.isImToken)\n  ) return \"imToken\"\n\n  // @ts-ignore\n  const web3 = window.web3\n  if (!web3) return \"\"\n\n  if (web3.isCobo) return \"cobo\"\n\n  if (web3.currentProvider.isTrust) return \"trust\"\n\n  if (web3.currentProvider.isGoWallet) return \"goWallet\"\n\n  if (web3.currentProvider.isAlphaWallet) return \"alphaWallet\"\n\n  if (web3.currentProvider.isStatus) return \"status\"\n\n  if (web3.currentProvider.isToshi) return \"coinbase\"\n\n  if (\"__CIPHER__\" in window) return \"cipher\"\n\n  if (web3.currentProvider.isMetaMask) return \"metamask\"\n\n  return \"\"\n}\nexport const ETH_WITHDRAW_LIMIT = new BN(300).mul(new BN(10).pow(new BN(18))) // 300 ETH\nexport const LOOM_WITHDRAW_LIMIT = new BN(1000000).mul(new BN(10).pow(new BN(18))) // 1 million LOOM\n"]},"_coverageSchema":"43e27e138ebf9cfc5966b082cf9a028302ed4184","hash":"eb6be836ce8de9d09520a8777b408f78ef5ed8be"},"/Users/tharathip_loom/Documents/dashboard/src/feedback/store/mutations.ts":{"path":"/Users/tharathip_loom/Documents/dashboard/src/feedback/store/mutations.ts","statementMap":{"0":{"start":{"line":2,"column":4},"end":{"line":2,"column":31}},"1":{"start":{"line":5,"column":4},"end":{"line":5,"column":36}},"2":{"start":{"line":6,"column":4},"end":{"line":6,"column":33}},"3":{"start":{"line":9,"column":4},"end":{"line":9,"column":33}},"4":{"start":{"line":10,"column":4},"end":{"line":14,"column":13}},"5":{"start":{"line":11,"column":8},"end":{"line":11,"column":33}},"6":{"start":{"line":12,"column":8},"end":{"line":12,"column":34}},"7":{"start":{"line":13,"column":8},"end":{"line":13,"column":40}},"8":{"start":{"line":17,"column":4},"end":{"line":17,"column":37}},"9":{"start":{"line":18,"column":4},"end":{"line":18,"column":41}},"10":{"start":{"line":21,"column":4},"end":{"line":21,"column":40}},"11":{"start":{"line":22,"column":4},"end":{"line":22,"column":41}},"12":{"start":{"line":25,"column":4},"end":{"line":25,"column":39}},"13":{"start":{"line":26,"column":4},"end":{"line":26,"column":41}},"14":{"start":{"line":29,"column":4},"end":{"line":29,"column":31}},"15":{"start":{"line":30,"column":4},"end":{"line":30,"column":30}},"16":{"start":{"line":31,"column":4},"end":{"line":31,"column":34}},"17":{"start":{"line":34,"column":4},"end":{"line":34,"column":38}},"18":{"start":{"line":35,"column":4},"end":{"line":35,"column":30}},"19":{"start":{"line":36,"column":4},"end":{"line":36,"column":34}},"20":{"start":{"line":37,"column":4},"end":{"line":37,"column":38}},"21":{"start":{"line":40,"column":4},"end":{"line":40,"column":30}}},"fnMap":{"0":{"name":"setTask","decl":{"start":{"line":1,"column":16},"end":{"line":1,"column":23}},"loc":{"start":{"line":1,"column":37},"end":{"line":3,"column":1}},"line":1},"1":{"name":"setStep","decl":{"start":{"line":4,"column":16},"end":{"line":4,"column":23}},"loc":{"start":{"line":4,"column":37},"end":{"line":7,"column":1}},"line":4},"2":{"name":"endTask","decl":{"start":{"line":8,"column":16},"end":{"line":8,"column":23}},"loc":{"start":{"line":8,"column":31},"end":{"line":15,"column":1}},"line":8},"3":{"name":"(anonymous_3)","decl":{"start":{"line":10,"column":15},"end":{"line":10,"column":16}},"loc":{"start":{"line":10,"column":21},"end":{"line":14,"column":5}},"line":10},"4":{"name":"showInfo","decl":{"start":{"line":16,"column":16},"end":{"line":16,"column":24}},"loc":{"start":{"line":16,"column":41},"end":{"line":19,"column":1}},"line":16},"5":{"name":"showSuccess","decl":{"start":{"line":20,"column":16},"end":{"line":20,"column":27}},"loc":{"start":{"line":20,"column":44},"end":{"line":23,"column":1}},"line":20},"6":{"name":"showError","decl":{"start":{"line":24,"column":16},"end":{"line":24,"column":25}},"loc":{"start":{"line":24,"column":42},"end":{"line":27,"column":1}},"line":24},"7":{"name":"showAlert","decl":{"start":{"line":28,"column":16},"end":{"line":28,"column":25}},"loc":{"start":{"line":28,"column":53},"end":{"line":32,"column":1}},"line":28},"8":{"name":"requireConfirmation","decl":{"start":{"line":33,"column":16},"end":{"line":33,"column":35}},"loc":{"start":{"line":33,"column":74},"end":{"line":38,"column":1}},"line":33},"9":{"name":"showLoadingBar","decl":{"start":{"line":39,"column":16},"end":{"line":39,"column":30}},"loc":{"start":{"line":39,"column":47},"end":{"line":41,"column":1}},"line":39}},"branchMap":{},"s":{"0":1,"1":1,"2":1,"3":1,"4":1,"5":0,"6":0,"7":0,"8":1,"9":1,"10":1,"11":1,"12":1,"13":1,"14":1,"15":1,"16":1,"17":1,"18":1,"19":1,"20":1,"21":1},"f":{"0":1,"1":1,"2":1,"3":0,"4":1,"5":1,"6":1,"7":1,"8":1,"9":1},"b":{},"inputSourceMap":{"version":3,"file":"/Users/tharathip_loom/Documents/dashboard/src/feedback/store/mutations.ts","sourceRoot":"","sources":["/Users/tharathip_loom/Documents/dashboard/src/feedback/store/mutations.ts"],"names":[],"mappings":"AAEA,MAAM,UAAU,OAAO,CAAC,KAAoB,EAAE,IAAY;IACtD,KAAK,CAAC,QAAQ,CAAC,IAAI,GAAG,IAAI,CAAA;AAC9B,CAAC;AAED,MAAM,UAAU,OAAO,CAAC,KAAoB,EAAE,IAAY;IACtD,KAAK,CAAC,QAAQ,CAAC,KAAK,CAAC,IAAI,CAAC,IAAI,CAAC,CAAA;IAC/B,KAAK,CAAC,QAAQ,CAAC,WAAW,EAAE,CAAA;AAChC,CAAC;AAED,MAAM,UAAU,OAAO,CAAC,KAAoB;IACxC,KAAK,CAAC,QAAQ,CAAC,WAAW,EAAE,CAAA;IAC5B,UAAU,CAAC,GAAG,EAAE;QACZ,KAAK,CAAC,QAAQ,CAAC,IAAI,GAAG,EAAE,CAAA;QACxB,KAAK,CAAC,QAAQ,CAAC,KAAK,GAAG,EAAE,CAAA;QACzB,KAAK,CAAC,QAAQ,CAAC,WAAW,GAAG,CAAC,CAAC,CAAA;IACnC,CAAC,EAAE,IAAI,CAAC,CAAA;AACZ,CAAC;AAED,MAAM,UAAU,QAAQ,CAAC,KAAoB,EAAE,OAAe;IAC1D,KAAK,CAAC,YAAY,CAAC,IAAI,GAAG,MAAM,CAAA;IAChC,KAAK,CAAC,YAAY,CAAC,OAAO,GAAG,OAAO,CAAA;AACxC,CAAC;AAED,MAAM,UAAU,WAAW,CAAC,KAAoB,EAAE,OAAe;IAC7D,KAAK,CAAC,YAAY,CAAC,IAAI,GAAG,SAAS,CAAA;IACnC,KAAK,CAAC,YAAY,CAAC,OAAO,GAAG,OAAO,CAAA;AACxC,CAAC;AAED,MAAM,UAAU,SAAS,CAAC,KAAoB,EAAE,OAAe;IAC3D,KAAK,CAAC,YAAY,CAAC,IAAI,GAAG,QAAQ,CAAA;IAClC,KAAK,CAAC,YAAY,CAAC,OAAO,GAAG,OAAO,CAAA;AACxC,CAAC;AAED,MAAM,UAAU,SAAS,CAAC,KAAoB,EAAE,EAAE,KAAK,EAAE,OAAO,EAAE;IAC9D,KAAK,CAAC,KAAK,CAAC,IAAI,GAAG,OAAO,CAAA;IAC1B,KAAK,CAAC,KAAK,CAAC,KAAK,GAAG,KAAK,CAAA;IACzB,KAAK,CAAC,KAAK,CAAC,OAAO,GAAG,OAAO,CAAA;AACjC,CAAC;AAED,MAAM,UAAU,mBAAmB,CAAC,KAAoB,EAAE,EAAE,KAAK,EAAE,OAAO,EAAE,SAAS,EAAE;IACnF,KAAK,CAAC,KAAK,CAAC,IAAI,GAAG,cAAc,CAAA;IACjC,KAAK,CAAC,KAAK,CAAC,KAAK,GAAG,KAAK,CAAA;IACzB,KAAK,CAAC,KAAK,CAAC,OAAO,GAAG,OAAO,CAAA;IAC7B,KAAK,CAAC,KAAK,CAAC,SAAS,GAAG,SAAS,CAAA;AACrC,CAAC;AAED,MAAM,UAAU,cAAc,CAAC,KAAoB,EAAE,OAAgB;IACjE,KAAK,CAAC,SAAS,GAAG,OAAO,CAAA;AAC7B,CAAC","sourcesContent":["import { FeedbackState } from \"./types\"\n\nexport function setTask(state: FeedbackState, task: string) {\n    state.progress.task = task\n}\n\nexport function setStep(state: FeedbackState, step: string) {\n    state.progress.steps.push(step)\n    state.progress.currentStep++\n}\n\nexport function endTask(state: FeedbackState) {\n    state.progress.currentStep++\n    setTimeout(() => {\n        state.progress.task = \"\"\n        state.progress.steps = []\n        state.progress.currentStep = -1\n    }, 1500)\n}\n\nexport function showInfo(state: FeedbackState, message: string) {\n    state.notification.type = \"info\"\n    state.notification.message = message\n}\n\nexport function showSuccess(state: FeedbackState, message: string) {\n    state.notification.type = \"success\"\n    state.notification.message = message\n}\n\nexport function showError(state: FeedbackState, message: string) {\n    state.notification.type = \"danger\"\n    state.notification.message = message\n}\n\nexport function showAlert(state: FeedbackState, { title, message }) {\n    state.alert.type = \"alert\"\n    state.alert.title = title\n    state.alert.message = message\n}\n\nexport function requireConfirmation(state: FeedbackState, { title, message, onConfirm }) {\n    state.alert.type = \"confirmation\"\n    state.alert.title = title\n    state.alert.message = message\n    state.alert.onConfirm = onConfirm\n}\n\nexport function showLoadingBar(state: FeedbackState, payload: boolean) {\n    state.isLoading = payload\n}\n"]},"_coverageSchema":"43e27e138ebf9cfc5966b082cf9a028302ed4184","hash":"b759a2335e306d838fe4a721d66399443077e341"},"/Users/tharathip_loom/Documents/dashboard/src/feedback/store/index.ts":{"path":"/Users/tharathip_loom/Documents/dashboard/src/feedback/store/index.ts","statementMap":{"0":{"start":{"line":7,"column":12},"end":{"line":7,"column":29}},"1":{"start":{"line":8,"column":21},"end":{"line":27,"column":1}},"2":{"start":{"line":23,"column":12},"end":{"line":23,"column":19}},"3":{"start":{"line":28,"column":16},"end":{"line":28,"column":66}},"4":{"start":{"line":29,"column":20},"end":{"line":29,"column":35}},"5":{"start":{"line":30,"column":23},"end":{"line":43,"column":1}},"6":{"start":{"line":32,"column":8},"end":{"line":32,"column":29}}},"fnMap":{"0":{"name":"(anonymous_0)","decl":{"start":{"line":22,"column":8},"end":{"line":22,"column":9}},"loc":{"start":{"line":22,"column":20},"end":{"line":24,"column":9}},"line":22},"1":{"name":"(anonymous_1)","decl":{"start":{"line":31,"column":4},"end":{"line":31,"column":5}},"loc":{"start":{"line":31,"column":16},"end":{"line":33,"column":5}},"line":31}},"branchMap":{},"s":{"0":1,"1":1,"2":0,"3":1,"4":1,"5":1,"6":0},"f":{"0":0,"1":0},"b":{},"inputSourceMap":{"version":3,"file":"/Users/tharathip_loom/Documents/dashboard/src/feedback/store/index.ts","sourceRoot":"","sources":["/Users/tharathip_loom/Documents/dashboard/src/feedback/store/index.ts"],"names":[],"mappings":"AAAA;;GAEG;AAEH,OAAO,KAAK,MAAM,OAAO,CAAA;AACzB,OAAO,EAAqB,eAAe,EAAE,MAAM,YAAY,CAAA;AAC/D,OAAO,KAAK,SAAS,MAAM,aAAa,CAAA;AAGxC,MAAM,GAAG,GAAG,KAAK,CAAC,UAAU,CAAC,CAAA;AAE7B,MAAM,YAAY,GAAkB;IAClC,YAAY,EAAE;QACZ,IAAI,EAAE,MAAM;QACZ,OAAO,EAAE,EAAE;KACZ;IACD,QAAQ,EAAE;QACR,IAAI,EAAE,EAAE;QACR,KAAK,EAAE,EAAE;QACT,WAAW,EAAE,CAAC,CAAC;KAChB;IACD,KAAK,EAAE;QACL,IAAI,EAAE,OAAO;QACb,KAAK,EAAE,EAAE;QACT,OAAO,EAAE,EAAE;QACX,SAAS;YACP,OAAM;QACR,CAAC;KACF;IACD,SAAS,EAAE,KAAK;CACjB,CAAA;AAED,MAAM,OAAO,GAAG,eAAe,EAAoB,CAAC,MAAM,CACxD,UAAU,EACV,YAAY,CACb,CAAA;AACD,MAAM,WAAW,GAAG,OAAO,CAAC,KAAK,EAAE,CAAA;AAEnC,MAAM,cAAc,GAAG;IACrB,IAAI,KAAK;QACP,OAAO,WAAW,EAAE,CAAA;IACtB,CAAC;IAED,OAAO,EAAE,OAAO,CAAC,MAAM,CAAC,SAAS,CAAC,OAAO,CAAC;IAC1C,OAAO,EAAE,OAAO,CAAC,MAAM,CAAC,SAAS,CAAC,OAAO,CAAC;IAC1C,OAAO,EAAE,OAAO,CAAC,MAAM,CAAC,SAAS,CAAC,OAAO,CAAC;IAC1C,QAAQ,EAAE,OAAO,CAAC,MAAM,CAAC,SAAS,CAAC,QAAQ,CAAC;IAC5C,WAAW,EAAE,OAAO,CAAC,MAAM,CAAC,SAAS,CAAC,WAAW,CAAC;IAClD,SAAS,EAAE,OAAO,CAAC,MAAM,CAAC,SAAS,CAAC,SAAS,CAAC;IAC9C,SAAS,EAAE,OAAO,CAAC,MAAM,CAAC,SAAS,CAAC,SAAS,CAAC;IAC9C,cAAc,EAAE,OAAO,CAAC,MAAM,CAAC,SAAS,CAAC,cAAc,CAAC;IACxD,mBAAmB,EAAE,OAAO,CAAC,MAAM,CAAC,SAAS,CAAC,mBAAmB,CAAC;CACnE,CAAA;AAED,2BAA2B;AAC3B,OAAO,EAAE,cAAc,EAAE,CAAA","sourcesContent":["/**\n * @module dashboard.feedback\n */\n\nimport debug from \"debug\"\nimport { BareActionContext, getStoreBuilder } from \"vuex-typex\"\nimport * as mutations from \"./mutations\"\nimport { FeedbackState, HasFeedbackState } from \"./types\"\n\nconst log = debug(\"feedback\")\n\nconst initialState: FeedbackState = {\n  notification: {\n    type: \"info\",\n    message: \"\",\n  },\n  progress: {\n    task: \"\",\n    steps: [],\n    currentStep: -1,\n  },\n  alert: {\n    type: \"alert\",\n    title: \"\",\n    message: \"\",\n    onConfirm() {\n      return\n    },\n  },\n  isLoading: false,\n}\n\nconst builder = getStoreBuilder<HasFeedbackState>().module(\n  \"feedback\",\n  initialState,\n)\nconst stateGetter = builder.state()\n\nconst feedbackModule = {\n  get state() {\n    return stateGetter()\n  },\n\n  setTask: builder.commit(mutations.setTask),\n  setStep: builder.commit(mutations.setStep),\n  endTask: builder.commit(mutations.endTask),\n  showInfo: builder.commit(mutations.showInfo),\n  showSuccess: builder.commit(mutations.showSuccess),\n  showError: builder.commit(mutations.showError),\n  showAlert: builder.commit(mutations.showAlert),\n  showLoadingBar: builder.commit(mutations.showLoadingBar),\n  requireConfirmation: builder.commit(mutations.requireConfirmation),\n}\n\n// vuex module as a service\nexport { feedbackModule }\n\ndeclare type ActionContext = BareActionContext<FeedbackState, HasFeedbackState>\n"]},"_coverageSchema":"43e27e138ebf9cfc5966b082cf9a028302ed4184","hash":"4d2bad8b55b17ee5fa86f9aa4684c14e219ab689"},"/Users/tharathip_loom/Documents/dashboard/src/i18n.ts":{"path":"/Users/tharathip_loom/Documents/dashboard/src/i18n.ts","statementMap":{"0":{"start":{"line":4,"column":0},"end":{"line":4,"column":17}},"1":{"start":{"line":5,"column":20},"end":{"line":9,"column":2}},"2":{"start":{"line":10,"column":22},"end":{"line":10,"column":28}},"3":{"start":{"line":11,"column":32},"end":{"line":19,"column":1}},"4":{"start":{"line":21,"column":4},"end":{"line":21,"column":73}},"5":{"start":{"line":21,"column":47},"end":{"line":21,"column":71}},"6":{"start":{"line":24,"column":4},"end":{"line":24,"column":35}},"7":{"start":{"line":25,"column":4},"end":{"line":32,"column":5}},"8":{"start":{"line":26,"column":8},"end":{"line":30,"column":9}},"9":{"start":{"line":27,"column":25},"end":{"line":27,"column":66}},"10":{"start":{"line":28,"column":12},"end":{"line":28,"column":48}},"11":{"start":{"line":29,"column":12},"end":{"line":29,"column":39}},"12":{"start":{"line":31,"column":8},"end":{"line":31,"column":29}}},"fnMap":{"0":{"name":"isLocaleSupported","decl":{"start":{"line":20,"column":16},"end":{"line":20,"column":33}},"loc":{"start":{"line":20,"column":45},"end":{"line":22,"column":1}},"line":20},"1":{"name":"(anonymous_1)","decl":{"start":{"line":21,"column":35},"end":{"line":21,"column":36}},"loc":{"start":{"line":21,"column":47},"end":{"line":21,"column":71}},"line":21},"2":{"name":"loadLocale","decl":{"start":{"line":23,"column":22},"end":{"line":23,"column":32}},"loc":{"start":{"line":23,"column":41},"end":{"line":33,"column":1}},"line":23}},"branchMap":{"0":{"loc":{"start":{"line":25,"column":4},"end":{"line":32,"column":5}},"type":"if","locations":[{"start":{"line":25,"column":4},"end":{"line":32,"column":5}},{"start":{"line":25,"column":4},"end":{"line":32,"column":5}}],"line":25},"1":{"loc":{"start":{"line":26,"column":8},"end":{"line":30,"column":9}},"type":"if","locations":[{"start":{"line":26,"column":8},"end":{"line":30,"column":9}},{"start":{"line":26,"column":8},"end":{"line":30,"column":9}}],"line":26}},"s":{"0":1,"1":1,"2":1,"3":1,"4":0,"5":0,"6":0,"7":0,"8":0,"9":0,"10":0,"11":0,"12":0},"f":{"0":0,"1":0,"2":0},"b":{"0":[0,0],"1":[0,0]},"inputSourceMap":{"version":3,"file":"/Users/tharathip_loom/Documents/dashboard/src/i18n.ts","sourceRoot":"","sources":["/Users/tharathip_loom/Documents/dashboard/src/i18n.ts"],"names":[],"mappings":"AAAA,OAAO,GAAG,MAAM,KAAK,CAAA;AACrB,OAAO,OAAO,MAAM,UAAU,CAAA;AAC9B,OAAO,cAAc,MAAM,mBAAmB,CAAA;AAG9C,GAAG,CAAC,GAAG,CAAC,OAAO,CAAC,CAAA;AAEhB,MAAM,CAAC,MAAM,IAAI,GAAG,IAAI,OAAO,CAAC;IAC9B,MAAM,EAAE,IAAI;IACZ,cAAc,EAAE,IAAI;IACpB,QAAQ,EAAE,EAAE,EAAE,EAAE,cAAc,EAAE;CACjC,CAAC,CAAA;AAEF,MAAM,aAAa,GAAG,CAAC,IAAI,CAAC,CAAA;AAE5B,MAAM,CAAC,MAAM,gBAAgB,GAAG;IAC9B,EAAE,GAAG,EAAE,IAAI,EAAE,aAAa,EAAE,SAAS,EAAE,kBAAkB,EAAE,IAAI,EAAE;IACjE,EAAE,GAAG,EAAE,IAAI,EAAE,aAAa,EAAE,IAAI,EAAE,kBAAkB,EAAE,IAAI,EAAE;IAC5D,EAAE,GAAG,EAAE,IAAI,EAAE,aAAa,EAAE,SAAS,EAAE,kBAAkB,EAAE,IAAI,EAAE;IACjE,EAAE,GAAG,EAAE,IAAI,EAAE,aAAa,EAAE,MAAM,EAAE,kBAAkB,EAAE,IAAI,EAAE;IAC9D,EAAE,GAAG,EAAE,IAAI,EAAE,aAAa,EAAE,SAAS,EAAE,kBAAkB,EAAE,KAAK,EAAE;IAClE,EAAE,GAAG,EAAE,IAAI,EAAE,aAAa,EAAE,SAAS,EAAE,kBAAkB,EAAE,KAAK,EAAE;IAClE,EAAE,GAAG,EAAE,IAAI,EAAE,aAAa,EAAE,QAAQ,EAAE,kBAAkB,EAAE,QAAQ,EAAE;CACrE,CAAA;AAED,MAAM,UAAU,iBAAiB,CAAC,SAAS;IACzC,OAAO,CAAC,CAAC,gBAAgB,CAAC,IAAI,CAAC,CAAC,MAAM,EAAE,EAAE,CAAC,MAAM,CAAC,GAAG,KAAK,SAAS,CAAC,CAAA;AACtE,CAAC;AAED,MAAM,CAAC,KAAK,UAAU,UAAU,CAAC,MAAM;IACrC,OAAO,CAAC,GAAG,CAAC,SAAS,EAAE,MAAM,CAAC,CAAA;IAC9B,IAAI,IAAI,CAAC,MAAM,KAAK,MAAM,EAAE;QAC1B,IAAI,aAAa,CAAC,OAAO,CAAC,MAAM,CAAC,KAAK,CAAC,CAAC,EAAE;YACxC,MAAM,IAAI,GAAG,MAAM,OAAO,CAAC,aAAa,MAAM,OAAO,CAAC,CAAA;YACtD,IAAI,CAAC,gBAAgB,CAAC,MAAM,EAAE,IAAI,CAAC,CAAA;YACnC,aAAa,CAAC,IAAI,CAAC,MAAM,CAAC,CAAA;SAC3B;QACD,IAAI,CAAC,MAAM,GAAG,MAAM,CAAA;KACrB;AACH,CAAC","sourcesContent":["import Vue from \"vue\"\nimport VueI18n from \"vue-i18n\"\nimport defaultMessage from \"./locales/en.json\"\nimport Axios from \"axios\"\n\nVue.use(VueI18n)\n\nexport const i18n = new VueI18n({\n  locale: \"en\",\n  fallbackLocale: \"en\",\n  messages: { en: defaultMessage },\n})\n\nconst loadedLocales = [\"en\"]\n\nexport const supportedLocales = [\n  { key: \"en\", localizedName: \"English\", localizedShortName: \"EN\" },\n  { key: \"zh\", localizedName: \"中文\", localizedShortName: \"中文\" },\n  { key: \"es\", localizedName: \"Español\", localizedShortName: \"ES\" },\n  { key: \"ja\", localizedName: \"日本語 \", localizedShortName: \"日本\" },\n  { key: \"th\", localizedName: \"ภาษาไทย\", localizedShortName: \"ไทย\" },\n  { key: \"ko\", localizedName: \"조선말/한국어\", localizedShortName: \"한국어\" },\n  { key: \"hi\", localizedName: \"हिन्दी\", localizedShortName: \"हिन्दी\" },\n]\n\nexport function isLocaleSupported(localeKey) {\n  return !!supportedLocales.find((locale) => locale.key === localeKey)\n}\n\nexport async function loadLocale(locale) {\n  console.log(\"LOCALE \", locale)\n  if (i18n.locale !== locale) {\n    if (loadedLocales.indexOf(locale) === -1) {\n      const msgs = await require(`./locales/${locale}.json`)\n      i18n.setLocaleMessage(locale, msgs)\n      loadedLocales.push(locale)\n    }\n    i18n.locale = locale\n  }\n}\n"]},"_coverageSchema":"43e27e138ebf9cfc5966b082cf9a028302ed4184","hash":"ae3d7ff4725e6b890ed347dc23b25a119c70ee5b"},"/Users/tharathip_loom/Documents/dashboard/src/store/plasma/types.ts":{"path":"/Users/tharathip_loom/Documents/dashboard/src/store/plasma/types.ts","statementMap":{"0":{"start":{"line":2,"column":0},"end":{"line":8,"column":46}},"1":{"start":{"line":3,"column":4},"end":{"line":3,"column":35}},"2":{"start":{"line":4,"column":4},"end":{"line":4,"column":39}},"3":{"start":{"line":5,"column":4},"end":{"line":5,"column":41}},"4":{"start":{"line":6,"column":4},"end":{"line":6,"column":43}},"5":{"start":{"line":7,"column":4},"end":{"line":7,"column":41}},"6":{"start":{"line":10,"column":0},"end":{"line":12,"column":28}},"7":{"start":{"line":11,"column":4},"end":{"line":11,"column":46}}},"fnMap":{"0":{"name":"(anonymous_0)","decl":{"start":{"line":2,"column":1},"end":{"line":2,"column":2}},"loc":{"start":{"line":2,"column":28},"end":{"line":8,"column":1}},"line":2},"1":{"name":"(anonymous_1)","decl":{"start":{"line":10,"column":1},"end":{"line":10,"column":2}},"loc":{"start":{"line":10,"column":19},"end":{"line":12,"column":1}},"line":10}},"branchMap":{"0":{"loc":{"start":{"line":8,"column":3},"end":{"line":8,"column":44}},"type":"binary-expr","locations":[{"start":{"line":8,"column":3},"end":{"line":8,"column":18}},{"start":{"line":8,"column":23},"end":{"line":8,"column":43}}],"line":8},"1":{"loc":{"start":{"line":12,"column":3},"end":{"line":12,"column":26}},"type":"binary-expr","locations":[{"start":{"line":12,"column":3},"end":{"line":12,"column":9}},{"start":{"line":12,"column":14},"end":{"line":12,"column":25}}],"line":12}},"s":{"0":1,"1":1,"2":1,"3":1,"4":1,"5":1,"6":1,"7":1},"f":{"0":1,"1":1},"b":{"0":[1,1],"1":[1,1]},"inputSourceMap":{"version":3,"file":"/Users/tharathip_loom/Documents/dashboard/src/store/plasma/types.ts","sourceRoot":"","sources":["/Users/tharathip_loom/Documents/dashboard/src/store/plasma/types.ts"],"names":[],"mappings":"AA4CA,MAAM,CAAN,IAAY,eAMX;AAND,WAAY,eAAe;IACzB,8BAAW,CAAA;IACX,kCAAe,CAAA;IACf,oCAAiB,CAAA;IACjB,sCAAmB,CAAA;IACnB,oCAAiB,CAAA;AACnB,CAAC,EANW,eAAe,KAAf,eAAe,QAM1B;AA4CD,MAAM,CAAN,IAAY,MAEX;AAFD,WAAY,MAAM;IAChB,yCAAW,CAAA;AACb,CAAC,EAFW,MAAM,KAAN,MAAM,QAEjB","sourcesContent":["import BN from \"bn.js\"\n\nimport { Client, LoomProvider } from \"loom-js\"\nimport Web3 from \"web3\"\nimport { BareActionContext } from \"vuex-typex\"\nimport { Provider } from \"ethers/providers\"\n\nexport interface PlasmaConfig {\n  networkId: string\n  chainId: string\n  endpoint: string\n  blockExplorer: string\n  loomGamesEndpoint: string\n  historyUrl: string\n}\n\nexport interface HasPlasmaState {\n  env: string\n  plasma: PlasmaState\n}\n\nexport interface PlasmaState extends PlasmaConfig {\n  client: Client | null\n  provider: LoomProvider | null\n  // for normal contracts\n  web3: Web3 | null\n  ethersProvider: Provider | null\n  address: string\n  signer: PlasmaSigner | null\n  history: any[]\n  appId: {\n    private: string,\n    public: string,\n    address: string,\n  }\n\n  coins: {\n    LOOM: BalanceInfo,\n    [tokenSymbol: string]: BalanceInfo,\n  }\n  selectedToken: string\n\n}\n\nexport enum PlasmaTokenKind {\n  ETH = \"ETH\",\n  ERC20 = \"erc20\",\n  ERC721 = \"erc721\",\n  ERC721X = \"erc721x\",\n  LOOMCOIN = \"LOOM\",\n}\n\nexport interface BalanceInfo {\n  decimals: number\n  balance: BN\n  loading: boolean\n}\n\nexport interface TransferRequest {\n  symbol: string\n  weiAmount: BN\n  to: string\n  fee?: {\n    token: string\n    amount: BN,\n  }\n}\n\nexport interface PackDetail {\n  type: string\n  amount: number\n}\n\nexport interface PlasmaSigner {\n  // chain id to be used with this signer (ex. eth for ethSigner, default for plasama pk)\n  readonly chain: string\n  getAddress(): Promise<string>\n  signAsync(message: string): Promise<string>\n  configureClient(client: Client)\n}\n\nexport interface CardDetail {\n  id: string\n  amount: number\n  display_name: string\n  image: string\n  title: string\n  variant: string\n  variation: string\n  mould_type: string\n  element: string\n  originalID: string\n}\n\nexport enum TierID {\n  DEFAULT = 0,\n}\n\n// helper/shorthand for plasma module action context\nexport declare type PlasmaContext = BareActionContext<\n  PlasmaState,\n  HasPlasmaState\n>\n"]},"_coverageSchema":"43e27e138ebf9cfc5966b082cf9a028302ed4184","hash":"f69f6f18429a64411c6f198c19632b3fc98a5402"},"/Users/tharathip_loom/Documents/dashboard/src/services/TokenService.ts":{"path":"/Users/tharathip_loom/Documents/dashboard/src/services/TokenService.ts","statementMap":{"0":{"start":{"line":7,"column":15},"end":{"line":13,"column":2}},"1":{"start":{"line":16,"column":8},"end":{"line":16,"column":25}},"2":{"start":{"line":19,"column":8},"end":{"line":19,"column":27}},"3":{"start":{"line":27,"column":23},"end":{"line":27,"column":43}},"4":{"start":{"line":28,"column":8},"end":{"line":28,"column":63}},"5":{"start":{"line":28,"column":45},"end":{"line":28,"column":61}},"6":{"start":{"line":30,"column":8},"end":{"line":30,"column":33}},"7":{"start":{"line":33,"column":21},"end":{"line":33,"column":50}},"8":{"start":{"line":34,"column":8},"end":{"line":34,"column":27}},"9":{"start":{"line":42,"column":8},"end":{"line":42,"column":46}},"10":{"start":{"line":48,"column":8},"end":{"line":48,"column":56}},"11":{"start":{"line":48,"column":42},"end":{"line":48,"column":54}},"12":{"start":{"line":55,"column":21},"end":{"line":55,"column":37}},"13":{"start":{"line":56,"column":8},"end":{"line":58,"column":9}},"14":{"start":{"line":57,"column":12},"end":{"line":57,"column":55}},"15":{"start":{"line":59,"column":8},"end":{"line":59,"column":20}},"16":{"start":{"line":62,"column":8},"end":{"line":62,"column":68}},"17":{"start":{"line":62,"column":43},"end":{"line":62,"column":66}},"18":{"start":{"line":65,"column":21},"end":{"line":65,"column":94}},"19":{"start":{"line":65,"column":49},"end":{"line":65,"column":93}},"20":{"start":{"line":66,"column":8},"end":{"line":72,"column":9}},"21":{"start":{"line":67,"column":12},"end":{"line":67,"column":91}},"22":{"start":{"line":68,"column":12},"end":{"line":68,"column":24}},"23":{"start":{"line":71,"column":12},"end":{"line":71,"column":24}},"24":{"start":{"line":75,"column":28},"end":{"line":75,"column":46}}},"fnMap":{"0":{"name":"(anonymous_0)","decl":{"start":{"line":15,"column":4},"end":{"line":15,"column":5}},"loc":{"start":{"line":15,"column":18},"end":{"line":17,"column":5}},"line":15},"1":{"name":"(anonymous_1)","decl":{"start":{"line":18,"column":4},"end":{"line":18,"column":5}},"loc":{"start":{"line":18,"column":18},"end":{"line":20,"column":5}},"line":18},"2":{"name":"(anonymous_2)","decl":{"start":{"line":26,"column":4},"end":{"line":26,"column":5}},"loc":{"start":{"line":26,"column":20},"end":{"line":31,"column":5}},"line":26},"3":{"name":"(anonymous_3)","decl":{"start":{"line":28,"column":38},"end":{"line":28,"column":39}},"loc":{"start":{"line":28,"column":45},"end":{"line":28,"column":61}},"line":28},"4":{"name":"(anonymous_4)","decl":{"start":{"line":32,"column":4},"end":{"line":32,"column":5}},"loc":{"start":{"line":32,"column":30},"end":{"line":35,"column":5}},"line":32},"5":{"name":"(anonymous_5)","decl":{"start":{"line":41,"column":4},"end":{"line":41,"column":5}},"loc":{"start":{"line":41,"column":43},"end":{"line":43,"column":5}},"line":41},"6":{"name":"(anonymous_6)","decl":{"start":{"line":47,"column":4},"end":{"line":47,"column":5}},"loc":{"start":{"line":47,"column":17},"end":{"line":49,"column":5}},"line":47},"7":{"name":"(anonymous_7)","decl":{"start":{"line":48,"column":31},"end":{"line":48,"column":32}},"loc":{"start":{"line":48,"column":42},"end":{"line":48,"column":54}},"line":48},"8":{"name":"(anonymous_8)","decl":{"start":{"line":54,"column":4},"end":{"line":54,"column":5}},"loc":{"start":{"line":54,"column":29},"end":{"line":60,"column":5}},"line":54},"9":{"name":"(anonymous_9)","decl":{"start":{"line":61,"column":4},"end":{"line":61,"column":5}},"loc":{"start":{"line":61,"column":16},"end":{"line":63,"column":5}},"line":61},"10":{"name":"(anonymous_10)","decl":{"start":{"line":62,"column":32},"end":{"line":62,"column":33}},"loc":{"start":{"line":62,"column":43},"end":{"line":62,"column":66}},"line":62},"11":{"name":"(anonymous_11)","decl":{"start":{"line":64,"column":4},"end":{"line":64,"column":5}},"loc":{"start":{"line":64,"column":37},"end":{"line":73,"column":5}},"line":64},"12":{"name":"(anonymous_12)","decl":{"start":{"line":65,"column":38},"end":{"line":65,"column":39}},"loc":{"start":{"line":65,"column":49},"end":{"line":65,"column":93}},"line":65}},"branchMap":{"0":{"loc":{"start":{"line":56,"column":8},"end":{"line":58,"column":9}},"type":"if","locations":[{"start":{"line":56,"column":8},"end":{"line":58,"column":9}},{"start":{"line":56,"column":8},"end":{"line":58,"column":9}}],"line":56},"1":{"loc":{"start":{"line":66,"column":8},"end":{"line":72,"column":9}},"type":"if","locations":[{"start":{"line":66,"column":8},"end":{"line":72,"column":9}},{"start":{"line":66,"column":8},"end":{"line":72,"column":9}}],"line":66}},"s":{"0":1,"1":1,"2":0,"3":1,"4":1,"5":104,"6":1,"7":6,"8":4,"9":6,"10":4,"11":420,"12":8,"13":8,"14":3,"15":5,"16":8,"17":392,"18":4,"19":284,"20":4,"21":2,"22":2,"23":2,"24":1},"f":{"0":1,"1":0,"2":1,"3":104,"4":6,"5":6,"6":4,"7":420,"8":8,"9":8,"10":392,"11":4,"12":284},"b":{"0":[3,5],"1":[2,2]},"inputSourceMap":{"version":3,"file":"/Users/tharathip_loom/Documents/dashboard/src/services/TokenService.ts","sourceRoot":"","sources":["/Users/tharathip_loom/Documents/dashboard/src/services/TokenService.ts"],"names":[],"mappings":"AAAA;;;;GAIG;AAEH,OAAO,KAAK,MAAM,OAAO,CAAA;AAUzB,MAAM,MAAM,GAAc,MAAM,CAAC,MAAM,CAAC;IACtC,MAAM,EAAE,QAAQ;IAChB,QAAQ,EAAE,EAAE;IACZ,QAAQ,EAAE,4CAA4C;IACtD,MAAM,EAAE,4CAA4C;IACpD,OAAO,EAAE,EAAE;CACZ,CAAC,CAAA;AAEF,MAAM,YAAY;IAAlB;QACE,WAAM,GAAgB,EAAE,CAAA;IA0E1B,CAAC;IAxEC,IAAI,OAAO;QACT,OAAO,IAAI,CAAC,MAAM,CAAA;IACpB,CAAC;IAED;;;;OAIG;IACH,KAAK,CAAC,IAAI,CAAC,GAAW;QACpB,MAAM,MAAM,GAAG,MAAM,KAAK,CAAC,GAAG,CAAC,GAAG,CAAC,CAAA;QACnC,IAAI,CAAC,MAAM,GAAG,MAAM,CAAC,IAAI,CAAC,GAAG,CAAC,CAAC,CAAC,EAAE,EAAE,CAAC,MAAM,CAAC,MAAM,CAAC,CAAC,CAAC,CAAC,CAAA;QACtD,oEAAoE;QACpE,IAAI,CAAC,MAAM,CAAC,IAAI,CAAC,MAAM,CAAC,CAAA;IAC1B,CAAC;IAED,UAAU,CACR,MAAc,EACd,KAAwC;QAExC,MAAM,IAAI,GAAG,IAAI,CAAC,gBAAgB,CAAC,MAAM,CAAC,CAAA;QAC1C,OAAO,IAAI,CAAC,KAAK,CAAC,CAAA;IACpB,CAAC;IAED;;;;OAIG;IACH,uBAAuB,CACrB,MAAc,EACd,KAAwC;QAExC,OAAO,IAAI,CAAC,UAAU,CAAC,MAAM,EAAE,KAAK,CAAC,CAAA;IACvC,CAAC;IAED;;OAEG;IACH,UAAU;QACR,OAAO,IAAI,CAAC,MAAM,CAAC,GAAG,CAAC,CAAC,KAAK,EAAE,EAAE,CAAC,KAAK,CAAC,MAAM,CAAC,CAAA;IACjD,CAAC;IACD;;;OAGG;IACH,gBAAgB,CAAC,MAAc;QAC7B,MAAM,IAAI,GAAG,IAAI,CAAC,GAAG,CAAC,MAAM,CAAC,CAAA;QAC7B,IAAI,IAAI,KAAK,SAAS,EAAE;YACtB,MAAM,IAAI,KAAK,CAAC,gBAAgB,GAAG,MAAM,CAAC,CAAA;SAC3C;QACD,OAAO,IAAI,CAAA;IACb,CAAC;IAED,GAAG,CAAC,MAAc;QAChB,OAAO,IAAI,CAAC,MAAM,CAAC,IAAI,CAAC,CAAC,KAAK,EAAE,EAAE,CAAC,KAAK,CAAC,MAAM,KAAK,MAAM,CAAC,CAAA;IAC7D,CAAC;IAED,gBAAgB,CACd,OAAe,EACf,KAA4B;QAE5B,MAAM,IAAI,GAAG,IAAI,CAAC,MAAM,CAAC,IAAI,CAAC,CAAC,KAAK,EAAE,EAAE,CAAC,KAAK,CAAC,KAAK,CAAC,KAAK,OAAO,CAAC,iBAAiB,EAAE,CAAC,CAAA;QACtF,IAAI,IAAI,KAAK,SAAS,EAAE;YACtB,OAAO,CAAC,IAAI,CACV,2CAA2C,OAAO,OAAO,KAAK,EAAE,CACjE,CAAA;YACD,OAAO,IAAI,CAAA;SACZ;aAAM;YACL,OAAO,IAAI,CAAA;SACZ;IACH,CAAC;CACF;AAED,MAAM,CAAC,MAAM,YAAY,GAAG,IAAI,YAAY,EAAE,CAAA","sourcesContent":["/**\n * @module loom-dashboard.tokens\n *\n * Service that returns information about tokens.\n */\n\nimport axios from \"axios\"\n\nexport interface TokenData {\n  symbol: string\n  ethereum: string\n  plasma: string\n  binance: string\n  decimals: number\n}\n\nconst ETHBNB: TokenData = Object.freeze({\n  symbol: \"ETHBNB\",\n  decimals: 18,\n  ethereum: \"0xb8c77482e45f1f44de1745f52c74426c631bdd52\",\n  plasma: \"0xcf2851b1ad63d093238ea296524be8d7cd920e0b\",\n  binance: \"\",\n})\n\nclass TokenService {\n  tokens: TokenData[] = []\n\n  get symbols() {\n    return this.tokens\n  }\n\n  /**\n   * should call this method after service class created\n   * @param url to tokens json\n   * json is expected tp be  TokenData[]\n   */\n  async load(url: string) {\n    const result = await axios.get(url)\n    this.tokens = result.data.map((t) => Object.freeze(t))\n    // temporary (gateway until BNB receipts are cleared on ethereum TG)\n    this.tokens.push(ETHBNB)\n  }\n\n  getAddress(\n    symbol: string,\n    chain: \"ethereum\" | \"plasma\" | \"binance\",\n  ): string {\n    const data = this.getTokenbySymbol(symbol)\n    return data[chain]\n  }\n\n  /**\n   *\n   * @param coinSymbol like BNB ETH LOOM... etc\n   * @param chain address from plasma | ethereum\n   */\n  getTokenAddressBySymbol(\n    symbol: string,\n    chain: \"ethereum\" | \"plasma\" | \"binance\",\n  ): string {\n    return this.getAddress(symbol, chain)\n  }\n\n  /**\n   * Return list of token symbol\n   */\n  getSymbols(): string[] {\n    return this.tokens.map((token) => token.symbol)\n  }\n  /**\n   * Return token object\n   * @param coinSymbol\n   */\n  getTokenbySymbol(symbol: string): TokenData {\n    const data = this.get(symbol)\n    if (data === undefined) {\n      throw new Error(\"Unknown token \" + symbol)\n    }\n    return data\n  }\n\n  get(symbol: string): TokenData | undefined {\n    return this.tokens.find((token) => token.symbol === symbol)\n  }\n\n  tokenFromAddress(\n    address: string,\n    chain: \"plasma\" | \"ethereum\",\n  ): TokenData | null {\n    const info = this.tokens.find((token) => token[chain] === address.toLocaleLowerCase())\n    if (info === undefined) {\n      console.warn(\n        `No known token contract matches address ${address} on ${chain}`,\n      )\n      return null\n    } else {\n      return info\n    }\n  }\n}\n\nexport const tokenService = new TokenService()\n"]},"_coverageSchema":"43e27e138ebf9cfc5966b082cf9a028302ed4184","hash":"a494030783aae8e93fac0ad3fce2bc5debe37319"},"/Users/tharathip_loom/Documents/dashboard/src/filters.ts":{"path":"/Users/tharathip_loom/Documents/dashboard/src/filters.ts","statementMap":{"0":{"start":{"line":4,"column":28},"end":{"line":4,"column":78}},"1":{"start":{"line":5,"column":25},"end":{"line":5,"column":70}},"2":{"start":{"line":6,"column":26},"end":{"line":6,"column":40}},"3":{"start":{"line":8,"column":4},"end":{"line":8,"column":58}},"4":{"start":{"line":9,"column":4},"end":{"line":9,"column":52}},"5":{"start":{"line":10,"column":4},"end":{"line":10,"column":53}},"6":{"start":{"line":12,"column":4},"end":{"line":12,"column":35}},"7":{"start":{"line":13,"column":4},"end":{"line":13,"column":49}},"8":{"start":{"line":14,"column":4},"end":{"line":14,"column":49}},"9":{"start":{"line":15,"column":4},"end":{"line":15,"column":39}},"10":{"start":{"line":16,"column":4},"end":{"line":16,"column":33}},"11":{"start":{"line":18,"column":4},"end":{"line":18,"column":51}},"12":{"start":{"line":19,"column":4},"end":{"line":19,"column":49}},"13":{"start":{"line":22,"column":16},"end":{"line":22,"column":56}},"14":{"start":{"line":23,"column":4},"end":{"line":23,"column":83}},"15":{"start":{"line":26,"column":4},"end":{"line":26,"column":51}},"16":{"start":{"line":29,"column":4},"end":{"line":29,"column":48}},"17":{"start":{"line":32,"column":4},"end":{"line":32,"column":49}},"18":{"start":{"line":34,"column":25},"end":{"line":40,"column":2}},"19":{"start":{"line":42,"column":4},"end":{"line":42,"column":82}},"20":{"start":{"line":45,"column":4},"end":{"line":45,"column":35}},"21":{"start":{"line":46,"column":4},"end":{"line":46,"column":59}},"22":{"start":{"line":54,"column":4},"end":{"line":54,"column":59}},"23":{"start":{"line":62,"column":4},"end":{"line":64,"column":35}},"24":{"start":{"line":67,"column":4},"end":{"line":68,"column":19}},"25":{"start":{"line":68,"column":8},"end":{"line":68,"column":19}},"26":{"start":{"line":69,"column":14},"end":{"line":69,"column":69}},"27":{"start":{"line":70,"column":4},"end":{"line":70,"column":33}},"28":{"start":{"line":73,"column":4},"end":{"line":73,"column":60}}},"fnMap":{"0":{"name":"initFilters","decl":{"start":{"line":7,"column":16},"end":{"line":7,"column":27}},"loc":{"start":{"line":7,"column":30},"end":{"line":20,"column":1}},"line":7},"1":{"name":"formatValidatorWebsite","decl":{"start":{"line":21,"column":16},"end":{"line":21,"column":38}},"loc":{"start":{"line":21,"column":50},"end":{"line":24,"column":1}},"line":21},"2":{"name":"formateDelegationState","decl":{"start":{"line":25,"column":16},"end":{"line":25,"column":38}},"loc":{"start":{"line":25,"column":46},"end":{"line":27,"column":1}},"line":25},"3":{"name":"formateLockTimeTier","decl":{"start":{"line":28,"column":16},"end":{"line":28,"column":35}},"loc":{"start":{"line":28,"column":43},"end":{"line":30,"column":1}},"line":28},"4":{"name":"formatLockTimeBonus","decl":{"start":{"line":31,"column":16},"end":{"line":31,"column":35}},"loc":{"start":{"line":31,"column":43},"end":{"line":33,"column":1}},"line":31},"5":{"name":"formatDate","decl":{"start":{"line":41,"column":16},"end":{"line":41,"column":26}},"loc":{"start":{"line":41,"column":38},"end":{"line":43,"column":1}},"line":41},"6":{"name":"readableDateTime","decl":{"start":{"line":44,"column":16},"end":{"line":44,"column":32}},"loc":{"start":{"line":44,"column":44},"end":{"line":47,"column":1}},"line":44},"7":{"name":"formatDomain","decl":{"start":{"line":53,"column":16},"end":{"line":53,"column":28}},"loc":{"start":{"line":53,"column":42},"end":{"line":55,"column":1}},"line":53},"8":{"name":"formatUrl","decl":{"start":{"line":61,"column":16},"end":{"line":61,"column":25}},"loc":{"start":{"line":61,"column":39},"end":{"line":65,"column":1}},"line":61},"9":{"name":"formatTokenAmount","decl":{"start":{"line":66,"column":16},"end":{"line":66,"column":33}},"loc":{"start":{"line":66,"column":65},"end":{"line":71,"column":1}},"line":66},"10":{"name":"capitalizeWord","decl":{"start":{"line":72,"column":16},"end":{"line":72,"column":30}},"loc":{"start":{"line":72,"column":37},"end":{"line":74,"column":1}},"line":72}},"branchMap":{"0":{"loc":{"start":{"line":22,"column":16},"end":{"line":22,"column":56}},"type":"binary-expr","locations":[{"start":{"line":22,"column":16},"end":{"line":22,"column":33}},{"start":{"line":22,"column":37},"end":{"line":22,"column":56}}],"line":22},"1":{"loc":{"start":{"line":23,"column":11},"end":{"line":23,"column":82}},"type":"cond-expr","locations":[{"start":{"line":23,"column":32},"end":{"line":23,"column":49}},{"start":{"line":23,"column":52},"end":{"line":23,"column":82}}],"line":23},"2":{"loc":{"start":{"line":26,"column":11},"end":{"line":26,"column":50}},"type":"binary-expr","locations":[{"start":{"line":26,"column":11},"end":{"line":26,"column":37}},{"start":{"line":26,"column":41},"end":{"line":26,"column":50}}],"line":26},"3":{"loc":{"start":{"line":29,"column":11},"end":{"line":29,"column":47}},"type":"binary-expr","locations":[{"start":{"line":29,"column":11},"end":{"line":29,"column":34}},{"start":{"line":29,"column":38},"end":{"line":29,"column":47}}],"line":29},"4":{"loc":{"start":{"line":32,"column":11},"end":{"line":32,"column":48}},"type":"binary-expr","locations":[{"start":{"line":32,"column":11},"end":{"line":32,"column":35}},{"start":{"line":32,"column":39},"end":{"line":32,"column":48}}],"line":32},"5":{"loc":{"start":{"line":54,"column":12},"end":{"line":54,"column":29}},"type":"binary-expr","locations":[{"start":{"line":54,"column":12},"end":{"line":54,"column":23}},{"start":{"line":54,"column":27},"end":{"line":54,"column":29}}],"line":54},"6":{"loc":{"start":{"line":62,"column":11},"end":{"line":64,"column":34}},"type":"cond-expr","locations":[{"start":{"line":63,"column":10},"end":{"line":63,"column":21}},{"start":{"line":64,"column":10},"end":{"line":64,"column":34}}],"line":62},"7":{"loc":{"start":{"line":62,"column":12},"end":{"line":62,"column":29}},"type":"binary-expr","locations":[{"start":{"line":62,"column":12},"end":{"line":62,"column":23}},{"start":{"line":62,"column":27},"end":{"line":62,"column":29}}],"line":62},"8":{"loc":{"start":{"line":66,"column":39},"end":{"line":66,"column":52}},"type":"default-arg","locations":[{"start":{"line":66,"column":50},"end":{"line":66,"column":52}}],"line":66},"9":{"loc":{"start":{"line":67,"column":4},"end":{"line":68,"column":19}},"type":"if","locations":[{"start":{"line":67,"column":4},"end":{"line":68,"column":19}},{"start":{"line":67,"column":4},"end":{"line":68,"column":19}}],"line":67}},"s":{"0":1,"1":1,"2":1,"3":0,"4":0,"5":0,"6":0,"7":0,"8":0,"9":0,"10":0,"11":0,"12":0,"13":0,"14":0,"15":0,"16":0,"17":0,"18":1,"19":0,"20":0,"21":0,"22":0,"23":0,"24":0,"25":0,"26":0,"27":0,"28":0},"f":{"0":0,"1":0,"2":0,"3":0,"4":0,"5":0,"6":0,"7":0,"8":0,"9":0,"10":0},"b":{"0":[0,0],"1":[0,0],"2":[0,0],"3":[0,0],"4":[0,0],"5":[0,0],"6":[0,0],"7":[0,0],"8":[0],"9":[0,0]},"inputSourceMap":{"version":3,"file":"/Users/tharathip_loom/Documents/dashboard/src/filters.ts","sourceRoot":"","sources":["/Users/tharathip_loom/Documents/dashboard/src/filters.ts"],"names":[],"mappings":"AACA,OAAO,GAAG,MAAM,KAAK,CAAA;AAErB,OAAO,EAAE,mBAAmB,EAAE,MAAM,SAAS,CAAA;AAC7C,OAAO,SAAS,MAAM,cAAc,CAAA;AAEpC,MAAM,mBAAmB,GAAG,CAAC,SAAS,EAAE,QAAQ,EAAE,WAAW,EAAE,cAAc,CAAC,CAAA;AAC9E,MAAM,gBAAgB,GAAG,CAAC,SAAS,EAAE,UAAU,EAAE,UAAU,EAAE,QAAQ,CAAC,CAAA;AACtE,MAAM,iBAAiB,GAAG,CAAC,CAAC,EAAE,GAAG,EAAE,CAAC,EAAE,CAAC,CAAC,CAAA;AAExC,MAAM,UAAU,WAAW;IACzB,GAAG,CAAC,MAAM,CAAC,iBAAiB,EAAE,sBAAsB,CAAC,CAAA;IACrD,GAAG,CAAC,MAAM,CAAC,cAAc,EAAE,mBAAmB,CAAC,CAAA;IAC/C,GAAG,CAAC,MAAM,CAAC,eAAe,EAAE,mBAAmB,CAAC,CAAA;IAChD,yCAAyC;IACzC,GAAG,CAAC,MAAM,CAAC,MAAM,EAAE,UAAU,CAAC,CAAA;IAC9B,GAAG,CAAC,MAAM,CAAC,cAAc,EAAE,gBAAgB,CAAC,CAAA;IAC5C,GAAG,CAAC,MAAM,CAAC,aAAa,EAAE,iBAAiB,CAAC,CAAA;IAC5C,GAAG,CAAC,MAAM,CAAC,QAAQ,EAAE,YAAY,CAAC,CAAA;IAClC,GAAG,CAAC,MAAM,CAAC,KAAK,EAAE,SAAS,CAAC,CAAA;IAC5B,mDAAmD;IACnD,GAAG,CAAC,MAAM,CAAC,aAAa,EAAE,mBAAmB,CAAC,CAAA;IAC9C,GAAG,CAAC,MAAM,CAAC,gBAAgB,EAAE,cAAc,CAAC,CAAA;AAC9C,CAAC;AAED,MAAM,UAAU,sBAAsB,CAAC,SAA8B;IACnE,MAAM,GAAG,GAAG,SAAS,CAAC,OAAO,IAAI,mBAAmB,CAAA;IACpD,OAAO,GAAG,CAAC,KAAK,CAAC,OAAO,CAAC,CAAC,CAAC,CAAC,SAAS,CAAC,OAAO,CAAC,CAAC,CAAC,UAAU,GAAG,SAAS,CAAC,OAAO,CAAA;AAChF,CAAC;AAED,MAAM,UAAU,sBAAsB,CAAC,KAAsB;IAC3D,OAAO,mBAAmB,CAAC,KAAK,CAAC,IAAI,SAAS,CAAA;AAChD,CAAC;AAED,MAAM,UAAU,mBAAmB,CAAC,KAAmB;IACrD,OAAO,gBAAgB,CAAC,KAAK,CAAC,IAAI,SAAS,CAAA;AAC7C,CAAC;AAED,MAAM,UAAU,mBAAmB,CAAC,KAAmB;IACrD,OAAO,iBAAiB,CAAC,KAAK,CAAC,IAAI,SAAS,CAAA;AAC9C,CAAC;AAED,MAAM,gBAAgB,GAAG,IAAI,IAAI,CAAC,cAAc,CAAC,SAAS,EAAE;IAC1D,IAAI,EAAE,SAAS;IACf,KAAK,EAAE,MAAM;IACb,GAAG,EAAE,SAAS;IACd,IAAI,EAAE,SAAS;IACf,MAAM,EAAE,SAAS;CAClB,CAAC,CAAA;AACF,MAAM,UAAU,UAAU,CAAC,SAAS;IAClC,OAAO,gBAAgB,CAAC,MAAM,CAAC,IAAI,IAAI,CAAC,QAAQ,CAAC,EAAE,GAAG,SAAS,EAAE,EAAE,CAAC,GAAG,IAAI,CAAC,CAAC,CAAA;AAC/E,CAAC;AAED,MAAM,UAAU,gBAAgB,CAAC,SAAS;IACxC,OAAO,CAAC,GAAG,CAAC,MAAM,EAAE,SAAS,CAAC,CAAA;IAC9B,OAAO,IAAI,IAAI,CAAC,SAAS,GAAG,IAAI,CAAC,CAAC,kBAAkB,EAAE,CAAA;AACxD,CAAC;AAED;;;;GAIG;AACH,MAAM,UAAU,YAAY,CAAC,WAAmB;IAC9C,OAAO,CAAC,WAAW,IAAI,EAAE,CAAC,CAAC,OAAO,CAAC,cAAc,EAAE,EAAE,CAAC,CAAA;AACxD,CAAC;AACD;;;;GAIG;AACH,MAAM,UAAU,SAAS,CAAC,WAAmB;IAC3C,OAAO,CAAC,WAAW,IAAI,EAAE,CAAC,CAAC,KAAK,CAAC,cAAc,CAAC;QAC9C,CAAC,CAAC,WAAW;QACb,CAAC,CAAC,UAAU,GAAG,WAAW,CAAA;AAC9B,CAAC;AAED,MAAM,UAAU,iBAAiB,CAAC,GAAO,EAAE,QAAQ,GAAG,EAAE,EAAE,SAAkB;IAC1E,IAAI,CAAC,GAAG;QAAE,OAAO,GAAG,CAAA;IACpB,MAAM,CAAC,GAAG,IAAI,SAAS,CAAC,GAAG,CAAC,QAAQ,EAAE,CAAC,CAAC,SAAS,CAAC,EAAE,IAAI,QAAQ,CAAC,CAAA;IACjE,OAAO,CAAC,CAAC,QAAQ,CAAC,SAAS,CAAC,CAAA;AAC9B,CAAC;AAED,MAAM,UAAU,cAAc,CAAC,IAAY;IACzC,OAAO,IAAI,CAAC,MAAM,CAAC,CAAC,CAAC,CAAC,WAAW,EAAE,GAAG,IAAI,CAAC,SAAS,CAAC,CAAC,CAAC,CAAA;AACzD,CAAC","sourcesContent":["import { DelegationState, LocktimeTier } from \"loom-js/dist/proto/dposv3_pb\"\nimport Vue from \"vue\"\nimport BN from \"bn.js\"\nimport { formatToLoomAddress } from \"./utils\"\nimport BigNumber from \"bignumber.js\"\n\nconst delegationStateText = [\"Bonding\", \"Bonded\", \"Unbonding\", \"Redelegating\"]\nconst lockTimeTierText = [\"2 weeks\", \"3 months\", \"6 months\", \"1 year\"]\nconst lockTimeTierBonus = [1, 1.5, 2, 3]\n\nexport function initFilters() {\n  Vue.filter(\"delegationState\", formateDelegationState)\n  Vue.filter(\"lockTimeTier\", formateLockTimeTier)\n  Vue.filter(\"lockTimeBonus\", formatLockTimeBonus)\n  // Vue.filter('duration', formatDuration)\n  Vue.filter(\"date\", formatDate)\n  Vue.filter(\"readableDate\", readableDateTime)\n  Vue.filter(\"tokenAmount\", formatTokenAmount)\n  Vue.filter(\"domain\", formatDomain)\n  Vue.filter(\"url\", formatUrl)\n  // Vue.filter('timeFromNow', formatDurationFromNow)\n  Vue.filter(\"loomAddress\", formatToLoomAddress)\n  Vue.filter(\"capitalizeWord\", capitalizeWord)\n}\n\nexport function formatValidatorWebsite(validator: { Website: string }) {\n  const str = validator.Website || \"https://loomx.io/\"\n  return str.match(/^http/) ? validator.Website : \"https://\" + validator.Website\n}\n\nexport function formateDelegationState(value: DelegationState) {\n  return delegationStateText[value] || \"Unknown\"\n}\n\nexport function formateLockTimeTier(value: LocktimeTier) {\n  return lockTimeTierText[value] || \"Unknown\"\n}\n\nexport function formatLockTimeBonus(value: LocktimeTier) {\n  return lockTimeTierBonus[value] || \"Unknown\"\n}\n\nconst DATE_TIME_FORMAT = new Intl.DateTimeFormat(undefined, {\n  year: \"numeric\",\n  month: \"long\",\n  day: \"numeric\",\n  hour: \"2-digit\",\n  minute: \"2-digit\",\n})\nexport function formatDate(timestamp) {\n  return DATE_TIME_FORMAT.format(new Date(parseInt(\"\" + timestamp, 10) * 1000))\n}\n\nexport function readableDateTime(timestamp) {\n  console.log(\"date\", timestamp)\n  return new Date(timestamp * 1000).toLocaleDateString()\n}\n\n/**\n * For some validator website property contains a domain\n * for other the url...\n * @param domainOrUrl\n */\nexport function formatDomain(domainOrUrl: string) {\n  return (domainOrUrl || \"\").replace(/^https?:\\/\\//, \"\")\n}\n/**\n * For some validator website property contains a domain\n * for other the url...\n * @param domainOrUrl\n */\nexport function formatUrl(domainOrUrl: string) {\n  return (domainOrUrl || \"\").match(/^https?:\\/\\//)\n    ? domainOrUrl\n    : \"https://\" + domainOrUrl\n}\n\nexport function formatTokenAmount(wei: BN, decimals = 18, precision?: number) {\n  if (!wei) return wei\n  const c = new BigNumber(wei.toString()).dividedBy(10 ** decimals)\n  return c.toFormat(precision)\n}\n\nexport function capitalizeWord(text: string) {\n  return text.charAt(0).toUpperCase() + text.substring(1)\n}\n"]},"_coverageSchema":"43e27e138ebf9cfc5966b082cf9a028302ed4184","hash":"d8f616809c91c6efda02fc63145e4c742ccbf5b1"},"/Users/tharathip_loom/Documents/dashboard/src/store/plasma/tokens.ts":{"path":"/Users/tharathip_loom/Documents/dashboard/src/store/plasma/tokens.ts","statementMap":{"0":{"start":{"line":13,"column":12},"end":{"line":13,"column":27}},"1":{"start":{"line":14,"column":25},"end":{"line":14,"column":34}},"2":{"start":{"line":16,"column":4},"end":{"line":16,"column":22}},"3":{"start":{"line":27,"column":4},"end":{"line":39,"column":5}},"4":{"start":{"line":29,"column":12},"end":{"line":29,"column":56}},"5":{"start":{"line":30,"column":12},"end":{"line":30,"column":18}},"6":{"start":{"line":32,"column":12},"end":{"line":32,"column":56}},"7":{"start":{"line":33,"column":12},"end":{"line":33,"column":18}},"8":{"start":{"line":35,"column":12},"end":{"line":35,"column":57}},"9":{"start":{"line":36,"column":12},"end":{"line":36,"column":18}},"10":{"start":{"line":38,"column":12},"end":{"line":38,"column":62}},"11":{"start":{"line":40,"column":4},"end":{"line":40,"column":35}},"12":{"start":{"line":47,"column":20},"end":{"line":47,"column":46}},"13":{"start":{"line":48,"column":4},"end":{"line":50,"column":5}},"14":{"start":{"line":49,"column":8},"end":{"line":49,"column":55}},"15":{"start":{"line":51,"column":4},"end":{"line":51,"column":19}},"16":{"start":{"line":55,"column":8},"end":{"line":55,"column":27}},"17":{"start":{"line":56,"column":8},"end":{"line":56,"column":33}},"18":{"start":{"line":59,"column":8},"end":{"line":59,"column":74}},"19":{"start":{"line":62,"column":24},"end":{"line":62,"column":53}},"20":{"start":{"line":63,"column":24},"end":{"line":63,"column":67}},"21":{"start":{"line":64,"column":8},"end":{"line":64,"column":56}},"22":{"start":{"line":67,"column":8},"end":{"line":67,"column":92}},"23":{"start":{"line":70,"column":8},"end":{"line":70,"column":70}},"24":{"start":{"line":73,"column":8},"end":{"line":73,"column":71}},"25":{"start":{"line":76,"column":24},"end":{"line":76,"column":53}},"26":{"start":{"line":77,"column":8},"end":{"line":77,"column":62}},"27":{"start":{"line":82,"column":8},"end":{"line":82,"column":27}},"28":{"start":{"line":83,"column":8},"end":{"line":83,"column":33}},"29":{"start":{"line":86,"column":8},"end":{"line":86,"column":57}},"30":{"start":{"line":89,"column":23},"end":{"line":89,"column":60}},"31":{"start":{"line":90,"column":8},"end":{"line":95,"column":47}},"32":{"start":{"line":95,"column":25},"end":{"line":95,"column":45}},"33":{"start":{"line":98,"column":23},"end":{"line":98,"column":60}},"34":{"start":{"line":99,"column":8},"end":{"line":104,"column":36}},"35":{"start":{"line":104,"column":25},"end":{"line":104,"column":34}},"36":{"start":{"line":107,"column":23},"end":{"line":107,"column":60}},"37":{"start":{"line":108,"column":8},"end":{"line":110,"column":53}},"38":{"start":{"line":113,"column":23},"end":{"line":113,"column":60}},"39":{"start":{"line":114,"column":23},"end":{"line":116,"column":52}},"40":{"start":{"line":117,"column":8},"end":{"line":117,"column":36}},"41":{"start":{"line":118,"column":8},"end":{"line":118,"column":50}},"42":{"start":{"line":119,"column":8},"end":{"line":119,"column":22}},"43":{"start":{"line":123,"column":4},"end":{"line":127,"column":6}},"44":{"start":{"line":130,"column":18},"end":{"line":130,"column":31}},"45":{"start":{"line":131,"column":17},"end":{"line":131,"column":27}},"46":{"start":{"line":133,"column":4},"end":{"line":135,"column":5}},"47":{"start":{"line":134,"column":8},"end":{"line":134,"column":15}},"48":{"start":{"line":136,"column":4},"end":{"line":140,"column":6}},"49":{"start":{"line":141,"column":4},"end":{"line":141,"column":49}},"50":{"start":{"line":142,"column":4},"end":{"line":142,"column":41}},"51":{"start":{"line":144,"column":4},"end":{"line":150,"column":5}},"52":{"start":{"line":145,"column":8},"end":{"line":145,"column":65}},"53":{"start":{"line":146,"column":8},"end":{"line":146,"column":73}},"54":{"start":{"line":149,"column":8},"end":{"line":149,"column":39}},"55":{"start":{"line":151,"column":4},"end":{"line":151,"column":60}},"56":{"start":{"line":159,"column":20},"end":{"line":159,"column":43}},"57":{"start":{"line":161,"column":25},"end":{"line":161,"column":71}},"58":{"start":{"line":162,"column":4},"end":{"line":162,"column":32}},"59":{"start":{"line":163,"column":4},"end":{"line":173,"column":5}},"60":{"start":{"line":164,"column":24},"end":{"line":164,"column":70}},"61":{"start":{"line":165,"column":8},"end":{"line":165,"column":39}},"62":{"start":{"line":168,"column":8},"end":{"line":168,"column":69}},"63":{"start":{"line":169,"column":8},"end":{"line":169,"column":25}},"64":{"start":{"line":172,"column":8},"end":{"line":172,"column":37}},"65":{"start":{"line":181,"column":20},"end":{"line":181,"column":45}},"66":{"start":{"line":182,"column":4},"end":{"line":182,"column":69}},"67":{"start":{"line":190,"column":32},"end":{"line":190,"column":39}},"68":{"start":{"line":191,"column":20},"end":{"line":191,"column":38}},"69":{"start":{"line":192,"column":20},"end":{"line":192,"column":55}},"70":{"start":{"line":193,"column":18},"end":{"line":193,"column":55}},"71":{"start":{"line":194,"column":20},"end":{"line":194,"column":37}},"72":{"start":{"line":196,"column":4},"end":{"line":208,"column":5}},"73":{"start":{"line":198,"column":8},"end":{"line":207,"column":9}},"74":{"start":{"line":199,"column":12},"end":{"line":199,"column":50}},"75":{"start":{"line":203,"column":32},"end":{"line":203,"column":104}},"76":{"start":{"line":204,"column":12},"end":{"line":206,"column":13}},"77":{"start":{"line":205,"column":16},"end":{"line":205,"column":29}},"78":{"start":{"line":209,"column":4},"end":{"line":212,"column":5}},"79":{"start":{"line":211,"column":8},"end":{"line":211,"column":55}},"80":{"start":{"line":213,"column":29},"end":{"line":213,"column":79}},"81":{"start":{"line":214,"column":4},"end":{"line":216,"column":5}},"82":{"start":{"line":215,"column":8},"end":{"line":215,"column":37}},"83":{"start":{"line":219,"column":27},"end":{"line":219,"column":36}},"84":{"start":{"line":220,"column":4},"end":{"line":221,"column":21}},"85":{"start":{"line":222,"column":4},"end":{"line":249,"column":5}},"86":{"start":{"line":223,"column":8},"end":{"line":223,"column":50}},"87":{"start":{"line":224,"column":8},"end":{"line":224,"column":20}},"88":{"start":{"line":227,"column":8},"end":{"line":236,"column":9}},"89":{"start":{"line":228,"column":12},"end":{"line":228,"column":88}},"90":{"start":{"line":229,"column":12},"end":{"line":229,"column":37}},"91":{"start":{"line":232,"column":12},"end":{"line":234,"column":29}},"92":{"start":{"line":235,"column":12},"end":{"line":235,"column":37}},"93":{"start":{"line":237,"column":8},"end":{"line":247,"column":11}},"94":{"start":{"line":238,"column":12},"end":{"line":245,"column":15}},"95":{"start":{"line":246,"column":12},"end":{"line":246,"column":43}},"96":{"start":{"line":248,"column":8},"end":{"line":248,"column":21}},"97":{"start":{"line":256,"column":38},"end":{"line":256,"column":45}},"98":{"start":{"line":257,"column":20},"end":{"line":257,"column":38}},"99":{"start":{"line":258,"column":20},"end":{"line":2
[...]
AE,CAAA;IACtB,CAAC;IAED,wBAAwB,EAAE,OAAO,CAAC,MAAM,CAAC,SAAS,CAAC,wBAAwB,CAAC;IAC5E,uBAAuB,EAAE,OAAO,CAAC,MAAM,CAAC,SAAS,CAAC,uBAAuB,CAAC;IAC1E,eAAe,EAAE,OAAO,CAAC,MAAM,CAAC,SAAS,CAAC,eAAe,CAAC;IAC1D,0BAA0B,EAAE,OAAO,CAAC,MAAM,CAAC,SAAS,CAAC,0BAA0B,CAAC;IAChF,iCAAiC,EAAE,OAAO,CAAC,MAAM,CAAC,SAAS,CAAC,iCAAiC,CAAC;IAE9F,cAAc,EAAE,OAAO,CAAC,QAAQ,CAAC,cAAc,CAAC;IAChD,WAAW,EAAE,OAAO,CAAC,QAAQ,CAAC,WAAW,CAAC;IAC1C,YAAY,EAAE,OAAO,CAAC,QAAQ,CAAC,YAAY,CAAC;IAC5C,WAAW,EAAE,OAAO,CAAC,QAAQ,CAAC,WAAW,CAAC;IAC1C,aAAa,EAAE,OAAO,CAAC,QAAQ,CAAC,aAAa,CAAC;IAC9C,4BAA4B,EAAE,OAAO,CAAC,QAAQ,CAAC,4BAA4B,CAAC;CAC7E,CAAA;AAED;;;GAGG;AACH,MAAM,CAAC,KAAK,UAAU,cAAc,CAAC,OAAyB;IAC5D,MAAM,MAAM,GAAG,OAAO,CAAC,SAAS,CAAC,MAAM,CAAC,MAAO,CAAA;IAC/C,MAAM,MAAM,GAAG,MAAM,YAAY,CAAC,gBAAgB,EAAE,CAAA;IACpD,MAAM,QAAQ,GAAG,MAAM,qBAAqB,CAAC,WAAW,CAAC,MAAM,EAAE,MAAM,CAAC,CAAA;IACxE,OAAO,CAAC,KAAK,CAAC,qBAAqB,GAAG,QAAQ,CAAA;AAChD,CAAC;AAED;;;;GAIG;AACH,MAAM,CAAC,KAAK,UAAU,WAAW,CAC/B,OAAyB,EACzB,OAA2B;IAE3B,MAAM,qBAAqB,GAAG,OAAO,CAAC,KAAK,CAAC,qBAAqB,CAAA;IACjE,IAAI,UAAU,CAAA;IACd,IAAI;QACF,UAAU,GAAG,MAAM,qBAAsB,CAAC,gBAAgB,CAAC,OAAO,CAAC,MAAM,CAAC,CAAA;KAC3E;IAAC,OAAO,KAAK,EAAE;QACd,GAAG,CAAC,wBAAwB,EAAE,KAAK,CAAC,CAAA;KACrC;IACD,OAAO,UAAU,CAAA;AACnB,CAAC;AAED;;;;GAIG;AACH,MAAM,CAAC,KAAK,UAAU,WAAW,CAC/B,OAAyB,EACzB,OAA0C;IAE1C,MAAM,qBAAqB,GAAG,OAAO,CAAC,KAAK,CAAC,qBAAsB,CAAA;IAClE,MAAM,aAAa,GAAG,IAAI,OAAO,CAC/B,OAAO,CAAC,SAAS,CAAC,MAAM,CAAC,MAAO,CAAC,OAAO,EACxC,YAAY,CAAC,aAAa,CAAC,OAAO,CAAC,QAAQ,CAAC,CAC7C,CAAA;IACD,cAAc,CAAC,OAAO,CAAC,IAAI,CAAC,CAAC,CAAC,mCAAmC,CAAC,CAAC,QAAQ,EAAE,CAAC,CAAA;IAC9E,IAAI;QACF,MAAM,eAAe,GAAG,qBAAqB,CAAC,OAAO,CAAC,KAAK,CAAC,QAAQ,EAAE,CAAA;QACtE,MAAM,cAAc,GAAG,MAAM,YAAY,CAAC,OAAO,CAAC;YAChD,MAAM,EAAE,MAAM;YACd,SAAS,EAAE,OAAO,CAAC,IAAI,CAAC,GAAG;YAC3B,EAAE,EAAE,eAAe;SACpB,CAAC,CAAA;QACF,GAAG,CAAC,UAAU,EAAE,cAAc,CAAC,CAAA;KAChC;IAAC,OAAO,KAAK,EAAE;QACd,OAAO,CAAC,GAAG,CAAC,OAAO,EAAE,KAAK,CAAC,CAAA;QAC3B,cAAc,CAAC,OAAO,EAAE,CAAA;QACxB,OAAM;KACP;IAED,IAAI,MAAM,CAAA;IACV,IAAI;QACF,cAAc,CAAC,OAAO,CAAC,IAAI,CAAC,CAAC,CAAC,uCAAuC,CAAC,CAAC,QAAQ,EAAE,CAAC,CAAA;QAClF,oDAAoD;QACpD,MAAM,GAAG,MAAM,qBAAqB,CAAC,gBAAgB,CAAC,aAAa,CAAC,CAAA;QACpE,GAAG,CAAC,yBAAyB,EAAE,MAAM,CAAC,CAAA;QACtC,MAAM,eAAe,CAAC,YAAY,EAAE,CAAA;QACpC,cAAc,CAAC,WAAW,CACxB,IAAI,CAAC,CAAC,CAAC,uCAAuC,CAAC,CAAC,QAAQ,EAAE,CAC3D,CAAA;KACF;IAAC,OAAO,KAAK,EAAE;QACd,GAAG,CAAC,wBAAwB,EAAE,KAAK,CAAC,CAAA;QACpC,IAAI,YAAY,GAAG,KAAK,CAAC,OAAO,CAAA;QAChC,IAAI,KAAK,CAAC,OAAO,CAAC,QAAQ,CAAC,qBAAqB,CAAC,EAAE;YACjD,YAAY,GAAG,IAAI,CAAC,CAAC,CAAC,8BAA8B,CAAC,CAAC,QAAQ,EAAE,CAAA;SACjE;aAAM,IAAI,KAAK,CAAC,OAAO,CAAC,QAAQ,CAAC,yBAAyB,CAAC,EAAE;YAC5D,YAAY,GAAG,IAAI,CAAC,CAAC,CAAC,kCAAkC,CAAC,CAAC,QAAQ,EAAE,CAAA;SACrE;QACD,cAAc,CAAC,SAAS,CACtB,IAAI,CAAC,CAAC,CAAC,yBAAyB,EAAE,EAAE,GAAG,EAAE,YAAY,EAAE,CAAC,CAAC,QAAQ,EAAE,CACpE,CAAA;KACF;YAAS;QACR,cAAc,CAAC,OAAO,EAAE,CAAA;KACzB;AACH,CAAC;AAED;;;GAGG;AACH,MAAM,CAAC,KAAK,UAAU,YAAY,CAAC,OAAyB;IAC1D,MAAM,OAAO,GAAG,OAAO,CAAC,SAAS,CAAC,MAAM,CAAC,OAAO,CAAA;IAChD,MAAM,aAAa,GAAG,OAAO,CAAC,SAAS,CAAC,MAAM,CAAC,OAAO,CAAA;IACtD,MAAM,QAAQ,GAAG,OAAO,CAAC,KAAK,CAAC,qBAAsB,CAAA;IACrD,MAAM,WAAW,GAAG,OAAO,CAAC,UAAU,CAAC,GAAG,OAAO,IAAI,aAAa,EAAE,CAAC,CAAA;IACrE,IAAI,MAAM,CAAA;IACV,IAAI,iBAAiB,CAAA;IACrB,IAAI;QACF,MAAM,GAAG,MAAM,QAAQ,CAAC,iBAAiB,CAAC,WAAW,CAAC,CAAA;QACtD,iBAAiB,GAAG,sBAAsB,CAAC,MAAM,CAAC,CAAA;KACnD;IAAC,OAAO,KAAK,EAAE;QACd,GAAG,CAAC,yBAAyB,EAAE,KAAK,CAAC,CAAA;QACrC,iBAAiB,GAAG,EAAE,CAAA;KACvB;IACD,MAAM,uBAAuB,GAAG,EAAE,CAAA;IAClC,iBAAiB,CAAC,OAAO,CAAC,CAAC,OAAO,EAAE,EAAE,GAAG,uBAAuB,CAAC,OAAO,CAAC,GAAG,CAAC,GAAG,EAAE,CAAA,CAAC,CAAC,CAAC,CAAA;IACrF,eAAe,CAAC,uBAAuB,CAAC,iBAAiB,CAAC,CAAA;IAC1D,eAAe,CAAC,iCAAiC,CAAC,uBAAuB,CAAC,CAAA;AAC5E,CAAC;AAED;;;;GAIG;AACH,MAAM,CAAC,KAAK,UAAU,4BAA4B,CAAC,OAAyB,EAAE,OAAmC;IAC/G,MAAM,QAAQ,GAAG,OAAO,CAAC,KAAK,CAAC,qBAAsB,CAAA;IACrD,IAAI,iBAAiB,GAA6B,EAAE,CAAA;IAEpD,IAAI;QACF,iBAAiB,GAAG,MAAM,QAAQ,CAAC,yBAAyB,CAAC,OAAO,CAAC,eAAe,CAAC,CAAA;QACrF,GAAG,CAAC,6BAA6B,EAAE,iBAAiB,CAAC,CAAA;QACrD,MAAM,SAAS,GAAG,iBAAiB,CAAC,GAAG,CAAC,CAAC,IAAI,EAAE,EAAE,CAAC,IAAI,CAAC,OAAO,CAAC,KAAK,CAAC,QAAQ,EAAE,CAAC,CAAA;QAChF,eAAe,CAAC,0BAA0B,CAAC;YACzC,eAAe,EAAE,OAAO,CAAC,eAAe,CAAC,KAAK,CAAC,QAAQ,EAAE;YACzD,uBAAuB,EAAE,SAAS;SACnC,CAAC,CAAA;KACH;IAAC,OAAO,KAAK,EAAE;QACd,GAAG,CAAC,iCAAiC,EAAE,KAAK,CAAC,CAAA;KAC9C;IACD,OAAO,iBAAiB,CAAA;AAC1B,CAAC;AAED;;;GAGG;AACH,SAAS,sBAAsB,CAC7B,SAAoC;IAEpC,OAAO,SAAS,CAAC,GAAG,CAAC,CAAC,QAAQ,EAAE,EAAE;QAChC,MAAM,eAAe,GAAG,QAAQ,CAAC,OAAO,CAAA;QACxC,OAAO;YACL,OAAO,EAAE,eAAe;YACxB,GAAG,EAAE,eAAe,CAAC,KAAK,CAAC,QAAQ,EAAE;YACrC,IAAI,EAAE,QAAQ,CAAC,MAAM;YACrB,MAAM,EAAE,MAAM,CAAC,IAAI,CACjB,eAAe,CAAC,KAAK,CAAC,QAAQ,EAAE,CAAC,KAAK,CAAC,GAAG,CAAC,CAAC,CAAC,CAAC,EAC9C,KAAK,CACN,CAAC,QAAQ,CAAC,QAAQ,CAAC;SACrB,CAAA;IACH,CAAC,CAAC,CAAA;AACJ,CAAC;AAED;;;GAGG;AACH,MAAM,CAAC,KAAK,UAAU,aAAa,CAAC,OAAyB;IAC3D,cAAc,CAAC,OAAO,CAAC,IAAI,CAAC,CAAC,CAAC,2BAA2B,CAAC,CAAC,QAAQ,EAAE,CAAC,CAAA;IACtE,cAAc,CAAC,OAAO,CAAC,IAAI,CAAC,CAAC,CAAC,sCAAsC,CAAC,CAAC,QAAQ,EAAE,CAAC,CAAA;IAEjF,MAAM,QAAQ,GAAG,gBAAgB,EAAE,CAAA;IACnC,MAAM,IAAI,GAAG,kBAAkB,CAAC,QAAQ,CAAC,CAAA;IACzC,MAAM,4BAA4B,GAAG,WAAW,CAAC,0BAA0B,CAAC,IAAI,UAAU,CAAC,MAAM,CAAC,KAAK,CAAC,IAAI,CAAC,CAAC,CAAC,CAAA;IAC/G,MAAM,aAAa,GAAG,WAAW,CAAC,eAAe,CAAC,4BAA4B,CAAC,CAAA;IAC/E,MAAM,SAAS,GAAG,MAAM,YAAY,CAAC,+BAA+B,CAAC,EAAE,UAAU,EAAE,4BAA4B,EAAE,CAAC,CAAA;IAElH,cAAc,CAAC,OAAO,EAAE,CAAA;IAExB,OAAO,CAAC,KAAK,CAAC,IAAI,CAAC,QAAQ,GAAG,QAAQ,CAAA;IACtC,OAAO,CAAC,KAAK,CAAC,IAAI,CAAC,aAAa,GAAG,SAAS,CAAA;AAC9C,CAAC","sourcesContent":["import debug from \"debug\"\n\nimport { getStoreBuilder } from \"vuex-typex\"\n\nimport { Address, LocalAddress, CryptoUtils } from \"loom-js\"\nimport { UserDeployerWhitelist } from \"loom-js/dist/contracts\"\nimport { ITier, IDeployedContract } from \"loom-js/dist/contracts/user-deployer-whitelist\"\nimport { TierID } from \"loom-js/dist/proto/user_deployer_whitelist_pb\"\nimport { generateMnemonic, mnemonicToSeedSync } from \"bip39\"\nimport { sha256 } from \"js-sha256\"\n\nimport { i18n } from \"@/i18n\"\nimport { plasmaModule } from \"@/store/plasma\"\nimport { feedbackModule } from \"@/feedback/store\"\n\nimport {\n  WhiteListState,\n  HasWhiteListState,\n  DeployerAddress,\n  DeployerAddressResponse,\n  WhiteListContext,\n} from \"@/whitelist/store/types\"\nimport * as mutations from \"./mutations\"\nimport { async } from \"rxjs/internal/scheduler/async\"\n\nconst log = debug(\"whitelist\")\n\nconst initialState: WhiteListState = {\n  userDeployerWhitelist: null,\n  userDeployersAddress: [],\n  tierIDs: [0], // TODO: update this if we have more tier: add more tier ID\n  tiers: [],\n  deployedContractAddress: {},\n  seed: {\n    mnemonic: \"\",\n    publicAddress: \"\",\n  },\n}\nconst builder = getStoreBuilder<HasWhiteListState>().module(\n  \"whiteList\",\n  initialState,\n)\nconst stateGetter = builder.state()\n\nexport const whiteListModule = {\n  get state() {\n    return stateGetter()\n  },\n\n  setUserDeployerWhitelist: builder.commit(mutations.setUserDeployerWhitelist),\n  setUserDeployersAddress: builder.commit(mutations.setUserDeployersAddress),\n  setDefaultTiers: builder.commit(mutations.setDefaultTiers),\n  setDeployedContractAddress: builder.commit(mutations.setDeployedContractAddress),\n  setDefaultDeployedContractAddress: builder.commit(mutations.setDefaultDeployedContractAddress),\n\n  createContract: builder.dispatch(createContract),\n  addDeployer: builder.dispatch(addDeployer),\n  getDeployers: builder.dispatch(getDeployers),\n  getTierInfo: builder.dispatch(getTierInfo),\n  generateSeeds: builder.dispatch(generateSeeds),\n  getDeployedContractAddresses: builder.dispatch(getDeployedContractAddresses),\n}\n\n/**\n *\n * @param context\n */\nexport async function createContract(context: WhiteListContext) {\n  const client = context.rootState.plasma.client!\n  const caller = await plasmaModule.getCallerAddress()\n  const contract = await UserDeployerWhitelist.createAsync(client, caller)\n  context.state.userDeployerWhitelist = contract\n}\n\n/**\n *\n * @param context\n * @param payload\n */\nexport async function getTierInfo(\n  context: WhiteListContext,\n  payload: { tierID: TierID },\n) {\n  const userDeployerWhitelist = context.state.userDeployerWhitelist\n  let tierDetail\n  try {\n    tierDetail = await userDeployerWhitelist!.getTierInfoAsync(payload.tierID)\n  } catch (error) {\n    log(\"getTierInfoAsync error\", error)\n  }\n  return tierDetail\n}\n\n/**\n *\n * @param context\n * @param payload\n */\nexport async function addDeployer(\n  context: WhiteListContext,\n  payload: { deployer: string; tier: ITier },\n) {\n  const userDeployerWhitelist = context.state.userDeployerWhitelist!\n  const deployAddress = new Address(\n    context.rootState.plasma.client!.chainId,\n    LocalAddress.fromHexString(payload.deployer),\n  )\n  feedbackModule.setTask(i18n.t(\"feedback_msg.task.adding_deployer\").toString())\n  try {\n    const contractAddress = userDeployerWhitelist.address.local.toString()\n    const approvedResult = await plasmaModule.approve({\n      symbol: \"LOOM\",\n      weiAmount: payload.tier.fee,\n      to: contractAddress,\n    })\n    log(\"approved\", approvedResult)\n  } catch (error) {\n    console.log(\"catch\", error)\n    feedbackModule.endTask()\n    return\n  }\n\n  let result\n  try {\n    feedbackModule.setStep(i18n.t(\"feedback_msg.step.adding_new_deployer\").toString())\n    // TODO: update this if we have more tier: pass tier\n    result = await userDeployerWhitelist.addDeployerAsync(deployAddress)\n    log(\"addDeployerAsync result\", result)\n    await whiteListModule.getDeployers()\n    feedbackModule.showSuccess(\n      i18n.t(\"messages.add_deployer_addr_success_tx\").toString(),\n    )\n  } catch (error) {\n    log(\"addDeployerAsync error\", error)\n    let errorMessage = error.message\n    if (error.message.includes(\"User denied message\")) {\n      errorMessage = i18n.t(\"messages.user_denied_sign_tx\").toString()\n    } else if (error.message.includes(\"deployer already exists\")) {\n      errorMessage = i18n.t(\"messages.deployer_already_exists\").toString()\n    }\n    feedbackModule.showError(\n      i18n.t(\"messages.add_key_err_tx\", { msg: errorMessage }).toString(),\n    )\n  } finally {\n    feedbackModule.endTask()\n  }\n}\n\n/**\n *\n * @param context\n */\nexport async function getDeployers(context: WhiteListContext) {\n  const chainId = context.rootState.plasma.chainId\n  const accountString = context.rootState.plasma.address\n  const contract = context.state.userDeployerWhitelist!\n  const accountAddr = Address.fromString(`${chainId}:${accountString}`)\n  let result\n  let deployerAddresses\n  try {\n    result = await contract.getDeployersAsync(accountAddr)\n    deployerAddresses = formatDeployersAddress(result)\n  } catch (error) {\n    log(\"getDeployersAsync error\", error)\n    deployerAddresses = []\n  }\n  const deployedContractAddress = {}\n  deployerAddresses.forEach((address) => { deployedContractAddress[address.hex] = [] })\n  whiteListModule.setUserDeployersAddress(deployerAddresses)\n  whiteListModule.setDefaultDeployedContractAddress(deployedContractAddress)\n}\n\n/**\n *\n * @param context\n * @param payload\n */\nexport async function getDeployedContractAddresses(context: WhiteListContext, payload: {deployerAddress: Address}) {\n  const contract = context.state.userDeployerWhitelist!\n  let contractAddresses: IDeployedContract[] | [] = []\n\n  try {\n    contractAddresses = await contract.getDeployedContractsAsync(payload.deployerAddress)\n    log(\"deployed contract addresses\", contractAddresses)\n    const Addresses = contractAddresses.map((addr) => addr.address.local.toString())\n    whiteListModule.setDeployedContractAddress({\n      deployerAddress: payload.deployerAddress.local.toString(),\n      deployedContractAddress: Addresses,\n    })\n  } catch (error) {\n    log(\"getDeployedContractsAsync error\", error)\n  }\n  return contractAddresses\n}\n\n/**\n * helper function to format deployer info\n * @param deployers\n */\nfunction formatDeployersAddress(\n  deployers: DeployerAddressResponse[],\n): DeployerAddress[] {\n  return deployers.map((deployer) => {\n    const deployerAddress = deployer.address\n    return {\n      address: deployerAddress,\n      hex: deployerAddress.local.toString(),\n      tier: deployer.tierId,\n      base64: Buffer.from(\n        deployerAddress.local.toString().split(\"x\")[1],\n        \"hex\",\n      ).toString(\"base64\"),\n    }\n  })\n}\n\n/**\n *\n * @param context\n */\nexport async function generateSeeds(context: WhiteListContext) {\n  feedbackModule.setTask(i18n.t(\"feedback_msg.task.new_key\").toString())\n  feedbackModule.setStep(i18n.t(\"feedback_msg.step.generating_new_key\").toString())\n\n  const mnemonic = generateMnemonic()\n  const seed = mnemonicToSeedSync(mnemonic)\n  const privateKeyUint8ArrayFromSeed = CryptoUtils.generatePrivateKeyFromSeed(new Uint8Array(sha256.array(seed)))\n  const privateKeyB64 = CryptoUtils.Uint8ArrayToB64(privateKeyUint8ArrayFromSeed)\n  const publicKey = await plasmaModule.getPublicAddrePriaKeyUint8Array({ privateKey: privateKeyUint8ArrayFromSeed })\n\n  feedbackModule.endTask()\n\n  context.state.seed.mnemonic = mnemonic\n  context.state.seed.publicAddress = publicKey\n}\n"]},"_coverageSchema":"43e27e138ebf9cfc5966b082cf9a028302ed4184","hash":"ddc0fe904c3960a0fe1349ce9a4acc0583bc99ab"},"/Users/tharathip_loom/Documents/dashboard/src/whitelist/store/reactions.ts":{"path":"/Users/tharathip_loom/Documents/dashboard/src/whitelist/store/reactions.ts","statementMap":{"0":{"start":{"line":4,"column":12},"end":{"line":4,"column":35}},"1":{"start":{"line":8,"column":4},"end":{"line":15,"column":7}},"2":{"start":{"line":8,"column":27},"end":{"line":8,"column":47}},"3":{"start":{"line":9,"column":8},"end":{"line":14,"column":9}},"4":{"start":{"line":10,"column":12},"end":{"line":10,"column":19}},"5":{"start":{"line":13,"column":12},"end":{"line":13,"column":51}},"6":{"start":{"line":18,"column":4},"end":{"line":25,"column":7}},"7":{"start":{"line":18,"column":27},"end":{"line":18,"column":64}},"8":{"start":{"line":19,"column":22},"end":{"line":19,"column":24}},"9":{"start":{"line":20,"column":8},"end":{"line":23,"column":11}},"10":{"start":{"line":21,"column":31},"end":{"line":21,"column":76}},"11":{"start":{"line":22,"column":12},"end":{"line":22,"column":35}},"12":{"start":{"line":24,"column":8},"end":{"line":24,"column":47}},"13":{"start":{"line":28,"column":4},"end":{"line":36,"column":7}},"14":{"start":{"line":30,"column":12},"end":{"line":34,"column":13}},"15":{"start":{"line":31,"column":16},"end":{"line":31,"column":42}},"16":{"start":{"line":32,"column":16},"end":{"line":32,"column":47}},"17":{"start":{"line":33,"column":16},"end":{"line":33,"column":52}}},"fnMap":{"0":{"name":"whiteListReaction","decl":{"start":{"line":5,"column":16},"end":{"line":5,"column":33}},"loc":{"start":{"line":5,"column":41},"end":{"line":37,"column":1}},"line":5},"1":{"name":"(anonymous_1)","decl":{"start":{"line":8,"column":16},"end":{"line":8,"column":17}},"loc":{"start":{"line":8,"column":27},"end":{"line":8,"column":47}},"line":8},"2":{"name":"(anonymous_2)","decl":{"start":{"line":8,"column":49},"end":{"line":8,"column":50}},"loc":{"start":{"line":8,"column":61},"end":{"line":15,"column":5}},"line":8},"3":{"name":"(anonymous_3)","decl":{"start":{"line":18,"column":16},"end":{"line":18,"column":17}},"loc":{"start":{"line":18,"column":27},"end":{"line":18,"column":64}},"line":18},"4":{"name":"(anonymous_4)","decl":{"start":{"line":18,"column":66},"end":{"line":18,"column":67}},"loc":{"start":{"line":18,"column":78},"end":{"line":25,"column":5}},"line":18},"5":{"name":"(anonymous_5)","decl":{"start":{"line":20,"column":46},"end":{"line":20,"column":47}},"loc":{"start":{"line":20,"column":64},"end":{"line":23,"column":9}},"line":20},"6":{"name":"(anonymous_6)","decl":{"start":{"line":29,"column":8},"end":{"line":29,"column":9}},"loc":{"start":{"line":29,"column":22},"end":{"line":35,"column":9}},"line":29}},"branchMap":{"0":{"loc":{"start":{"line":9,"column":8},"end":{"line":14,"column":9}},"type":"if","locations":[{"start":{"line":9,"column":8},"end":{"line":14,"column":9}},{"start":{"line":9,"column":8},"end":{"line":14,"column":9}}],"line":9},"1":{"loc":{"start":{"line":9,"column":12},"end":{"line":9,"column":79}},"type":"binary-expr","locations":[{"start":{"line":9,"column":12},"end":{"line":9,"column":32}},{"start":{"line":9,"column":36},"end":{"line":9,"column":79}}],"line":9},"2":{"loc":{"start":{"line":30,"column":12},"end":{"line":34,"column":13}},"type":"if","locations":[{"start":{"line":30,"column":12},"end":{"line":34,"column":13}},{"start":{"line":30,"column":12},"end":{"line":34,"column":13}}],"line":30}},"s":{"0":1,"1":1,"2":2,"3":1,"4":0,"5":1,"6":1,"7":1,"8":0,"9":0,"10":0,"11":0,"12":0,"13":1,"14":0,"15":0,"16":0,"17":0},"f":{"0":1,"1":2,"2":1,"3":1,"4":0,"5":0,"6":0},"b":{"0":[0,1],"1":[1,0],"2":[0,0]},"inputSourceMap":{"version":3,"file":"/Users/tharathip_loom/Documents/dashboard/src/whitelist/store/reactions.ts","sourceRoot":"","sources":["/Users/tharathip_loom/Documents/dashboard/src/whitelist/store/reactions.ts"],"names":[],"mappings":"AACA,OAAO,KAAK,MAAM,OAAO,CAAA;AAEzB,OAAO,EAAE,eAAe,EAAE,MAAM,GAAG,CAAA;AAEnC,OAAO,EAAE,YAAY,EAAE,MAAM,gBAAgB,CAAA;AAE7C,MAAM,GAAG,GAAG,KAAK,CAAC,gBAAgB,CAAC,CAAA;AAEnC,MAAM,UAAU,iBAAiB,CAAC,KAA4B;IAC5D,gCAAgC;IAChC,oBAAoB;IACpB,KAAK,CAAC,KAAK,CACT,CAAC,KAAK,EAAE,EAAE,CAAC,KAAK,CAAC,MAAM,CAAC,OAAO,EAC/B,KAAK,IAAI,EAAE;QACT,IAAI,KAAK,CAAC,KAAK,CAAC,QAAQ,IAAI,KAAK,CAAC,KAAK,CAAC,QAAQ,CAAC,QAAQ,CAAC,YAAY,CAAC,EAAE;YACvE,OAAM;SACP;aAAM;YACL,MAAM,eAAe,CAAC,cAAc,EAAE,CAAA;SACvC;IACH,CAAC,CACF,CAAA;IAED,4BAA4B;IAC5B,aAAa;IACb,KAAK,CAAC,KAAK,CACT,CAAC,KAAK,EAAE,EAAE,CAAC,KAAK,CAAC,SAAS,CAAC,qBAAqB,EAChD,KAAK,IAAI,EAAE;QACT,MAAM,KAAK,GAAY,EAAE,CAAA;QACzB,KAAK,CAAC,KAAK,CAAC,SAAS,CAAC,OAAO,CAAC,OAAO,CAAC,KAAK,EAAE,MAAM,EAAE,EAAE;YACrD,MAAM,UAAU,GAAG,MAAM,eAAe,CAAC,WAAW,CAAC,EAAE,MAAM,EAAE,CAAC,CAAA;YAChE,KAAK,CAAC,IAAI,CAAC,UAAU,CAAC,CAAA;QACxB,CAAC,CAAC,CAAA;QACF,eAAe,CAAC,eAAe,CAAC,KAAK,CAAC,CAAA;IACxC,CAAC,CACF,CAAA;IAED,8BAA8B;IAC9B,qCAAqC;IACrC,KAAK,CAAC,eAAe,CAAC;QACpB,KAAK,CAAC,MAAM;YACV,IAAI,MAAM,CAAC,IAAI,KAAK,YAAY,GAAG,eAAe,CAAC,WAAW,CAAC,IAAI,EAAE;gBACnE,GAAG,CAAC,oBAAoB,CAAC,CAAA;gBACzB,eAAe,CAAC,YAAY,EAAE,CAAA;gBAC9B,YAAY,CAAC,cAAc,CAAC,MAAM,CAAC,CAAA;aACpC;QACH,CAAC;KACF,CAAC,CAAA;AACJ,CAAC","sourcesContent":["import { Store } from \"vuex\"\nimport debug from \"debug\"\nimport { DashboardState } from \"@/types\"\nimport { whiteListModule } from \".\"\nimport { ITier } from \"loom-js/dist/contracts/user-deployer-whitelist\"\nimport { plasmaModule } from \"@/store/plasma\"\n\nconst log = debug(\"dash.whitelist\")\n\nexport function whiteListReaction(store: Store<DashboardState>) {\n  // Once we have a plasma account\n  // create a contract\n  store.watch(\n    (state) => state.plasma.address,\n    async () => {\n      if (store.state.disabled && store.state.disabled.includes(\"dev-deploy\")) {\n        return\n      } else {\n        await whiteListModule.createContract()\n      }\n    },\n  )\n\n  // Once we have the contract\n  // load tiers\n  store.watch(\n    (state) => state.whiteList.userDeployerWhitelist,\n    async () => {\n      const tiers: ITier[] = []\n      store.state.whiteList.tierIDs.forEach(async (tierID) => {\n        const tierDetail = await whiteListModule.getTierInfo({ tierID })\n        tiers.push(tierDetail)\n      })\n      whiteListModule.setDefaultTiers(tiers)\n    },\n  )\n\n  // After adding a new deployer\n  // refresh deployers and loom balance\n  store.subscribeAction({\n    after(action) {\n      if (action.type === \"whiteList/\" + whiteListModule.addDeployer.name) {\n        log(\"Loading tiers info\")\n        whiteListModule.getDeployers()\n        plasmaModule.refreshBalance(\"LOOM\")\n      }\n    },\n  })\n}\n"]},"_coverageSchema":"43e27e138ebf9cfc5966b082cf9a028302ed4184","hash":"25002fcf3b10145b93cdf1f9e6796f2ef54df58e"}}