TN:
SF:/Users/loom-reda/workspaces/loom/dashboard/src/utils.ts
FN:41,toBigNumber
FN:53,isBigNumber
FN:61,isString
FN:68,getValueOfUnit
FN:77,getDomainType
FN:85,getNetworkType
FN:88,(anonymous_6)
FN:90,(anonymous_7)
FN:98,formatToCrypto
FN:106,parseToWei
FN:115,getRandomInt
FN:119,(anonymous_11)
FN:120,(anonymous_12)
FN:123,(anonymous_13)
FN:128,(anonymous_14)
FN:129,(anonymous_15)
FN:133,(anonymous_16)
FN:134,(anonymous_17)
FN:136,dynamicSort
FN:142,(anonymous_19)
FN:149,getCardByTokenId
FN:159,(anonymous_21)
FN:184,formatToLoomAddress
FN:192,formatFromLoomAddress
FN:200,getRequired
FN:210,(anonymous_25)
FN:225,(anonymous_26)
FN:228,(anonymous_27)
FNF:28
FNH:0
FNDA:0,toBigNumber
FNDA:0,isBigNumber
FNDA:0,isString
FNDA:0,getValueOfUnit
FNDA:0,getDomainType
FNDA:0,getNetworkType
FNDA:0,(anonymous_6)
FNDA:0,(anonymous_7)
FNDA:0,formatToCrypto
FNDA:0,parseToWei
FNDA:0,getRandomInt
FNDA:0,(anonymous_11)
FNDA:0,(anonymous_12)
FNDA:0,(anonymous_13)
FNDA:0,(anonymous_14)
FNDA:0,(anonymous_15)
FNDA:0,(anonymous_16)
FNDA:0,(anonymous_17)
FNDA:0,dynamicSort
FNDA:0,(anonymous_19)
FNDA:0,getCardByTokenId
FNDA:0,(anonymous_21)
FNDA:0,formatToLoomAddress
FNDA:0,formatFromLoomAddress
FNDA:0,getRequired
FNDA:0,(anonymous_25)
FNDA:0,(anonymous_26)
FNDA:0,(anonymous_27)
DA:9,1
DA:39,1
DA:42,0
DA:43,0
DA:44,0
DA:47,0
DA:48,0
DA:50,0
DA:54,0
DA:62,0
DA:69,0
DA:70,0
DA:71,0
DA:72,0
DA:74,0
DA:78,0
DA:79,0
DA:80,0
DA:82,0
DA:87,0
DA:88,0
DA:90,0
DA:91,0
DA:95,0
DA:99,0
DA:101,0
DA:107,0
DA:110,1
DA:116,0
DA:119,1
DA:120,0
DA:123,1
DA:124,0
DA:125,0
DA:128,1
DA:130,0
DA:133,1
DA:134,0
DA:137,0
DA:138,0
DA:139,0
DA:140,0
DA:142,0
DA:144,0
DA:145,0
DA:150,0
DA:152,0
DA:153,0
DA:154,0
DA:156,0
DA:159,0
DA:161,0
DA:162,0
DA:164,0
DA:165,0
DA:168,1
DA:185,0
DA:186,0
DA:188,0
DA:193,0
DA:194,0
DA:196,0
DA:201,0
DA:202,0
DA:204,0
DA:210,1
DA:211,0
DA:212,0
DA:214,0
DA:215,0
DA:217,0
DA:218,0
DA:225,1
DA:226,0
DA:228,0
DA:229,0
DA:230,0
DA:232,0
LF:78
LH:10
BRDA:42,0,0,0
BRDA:42,0,1,0
BRDA:43,1,0,0
BRDA:43,1,1,0
BRDA:47,2,0,0
BRDA:47,2,1,0
BRDA:47,3,0,0
BRDA:47,3,1,0
BRDA:47,3,2,0
BRDA:55,4,0,0
BRDA:55,4,1,0
BRDA:55,4,2,0
BRDA:55,4,3,0
BRDA:63,5,0,0
BRDA:63,5,1,0
BRDA:63,5,2,0
BRDA:63,5,3,0
BRDA:69,6,0,0
BRDA:69,6,1,0
BRDA:71,7,0,0
BRDA:71,7,1,0
BRDA:79,8,0,0
BRDA:79,8,1,0
BRDA:79,9,0,0
BRDA:79,9,1,0
BRDA:87,10,0,0
BRDA:87,10,1,0
BRDA:102,11,0,0
BRDA:102,11,1,0
BRDA:101,12,0,0
BRDA:101,12,1,0
BRDA:124,13,0,0
BRDA:124,13,1,0
BRDA:138,14,0,0
BRDA:138,14,1,0
BRDA:144,15,0,0
BRDA:144,15,1,0
BRDA:144,16,0,0
BRDA:144,16,1,0
BRDA:152,17,0,0
BRDA:152,17,1,0
BRDA:162,18,0,0
BRDA:162,18,1,0
BRDA:185,19,0,0
BRDA:185,19,1,0
BRDA:193,20,0,0
BRDA:193,20,1,0
BRDA:201,21,0,0
BRDA:201,21,1,0
BRDA:201,22,0,0
BRDA:201,22,1,0
BRDA:212,23,0,0
BRDA:212,23,1,0
BRDA:225,24,0,0
BRDA:229,25,0,0
BRDA:229,25,1,0
BRF:56
BRH:0
end_of_record
TN:
SF:/Users/loom-reda/workspaces/loom/dashboard/src/dpos/store/helpers.ts
FN:6,defaultState
FN:26,fromIDelegation
FN:29,(anonymous_2)
FN:37,(anonymous_3)
FNF:4
FNH:2
FNDA:3,defaultState
FNDA:1,fromIDelegation
FNDA:0,(anonymous_2)
FNDA:0,(anonymous_3)
DA:7,3
DA:27,1
DA:28,1
DA:31,0
DA:33,1
DA:35,1
DA:36,0
DA:37,0
DA:39,1
DA:40,1
DA:41,1
DA:43,1
LF:12
LH:9
BRDA:35,0,0,0
BRDA:35,0,1,1
BRF:2
BRH:1
end_of_record
TN:
SF:/Users/loom-reda/workspaces/loom/dashboard/src/dpos/store/index.ts
FN:22,(anonymous_0)
FN:59,refreshElectionTime
FN:79,refreshValidators
FN:89,(anonymous_3)
FN:96,(anonymous_4)
FN:97,(anonymous_5)
FN:106,(anonymous_6)
FN:112,(anonymous_7)
FN:113,(anonymous_8)
FN:120,(anonymous_9)
FN:121,(anonymous_10)
FN:135,refreshDelegations
FN:144,(anonymous_12)
FN:145,(anonymous_13)
FN:154,(anonymous_14)
FN:155,(anonymous_15)
FN:162,requestDelegation
FN:181,cancelRequest
FN:192,requestRedelegation
FN:197,requestUndelegation
FN:203,delegate
FN:232,redelegate
FN:248,consolidate
FN:263,undelegate
FN:278,claimRewards
FNF:25
FNH:1
FNDA:0,(anonymous_0)
FNDA:0,refreshElectionTime
FNDA:0,refreshValidators
FNDA:0,(anonymous_3)
FNDA:0,(anonymous_4)
FNDA:0,(anonymous_5)
FNDA:0,(anonymous_6)
FNDA:0,(anonymous_7)
FNDA:0,(anonymous_8)
FNDA:0,(anonymous_9)
FNDA:0,(anonymous_10)
FNDA:0,refreshDelegations
FNDA:0,(anonymous_12)
FNDA:0,(anonymous_13)
FNDA:0,(anonymous_14)
FNDA:0,(anonymous_15)
FNDA:2,requestDelegation
FNDA:0,cancelRequest
FNDA:0,requestRedelegation
FNDA:0,requestUndelegation
FNDA:0,delegate
FNDA:0,redelegate
FNDA:0,consolidate
FNDA:0,undelegate
FNDA:0,claimRewards
DA:16,1
DA:18,1
DA:19,1
DA:21,1
DA:23,0
DA:60,0
DA:61,0
DA:62,0
DA:64,0
DA:65,0
DA:66,0
DA:67,0
DA:68,0
DA:69,0
DA:80,0
DA:81,0
DA:83,0
DA:89,0
DA:90,0
DA:91,0
DA:92,0
DA:96,0
DA:97,0
DA:98,0
DA:99,0
DA:100,0
DA:101,0
DA:103,0
DA:106,0
DA:107,0
DA:108,0
DA:111,0
DA:112,0
DA:114,0
DA:115,0
DA:116,0
DA:119,0
DA:120,0
DA:121,0
DA:123,0
DA:124,0
DA:136,0
DA:137,0
DA:138,0
DA:139,0
DA:143,0
DA:144,0
DA:146,0
DA:148,0
DA:149,0
DA:152,0
DA:153,0
DA:154,0
DA:155,0
DA:157,0
DA:158,0
DA:159,0
DA:163,2
DA:164,2
DA:182,0
DA:183,0
DA:193,0
DA:195,0
DA:198,0
DA:200,0
DA:204,0
DA:205,0
DA:208,0
DA:214,0
DA:235,0
DA:242,0
DA:243,0
DA:251,0
DA:265,0
DA:279,0
DA:281,0
DA:284,0
DA:288,0
DA:290,0
DA:294,0
LF:80
LH:6
BRDA:60,0,0,0
BRDA:60,0,1,0
BRDA:98,1,0,0
BRDA:98,1,1,0
BRDA:288,2,0,0
BRDA:288,2,1,0
BRF:6
BRH:0
end_of_record
TN:
SF:/Users/loom-reda/workspaces/loom/dashboard/src/dpos/store/mutations.ts
FN:5,setElectionTime
FN:10,setRewards
FNF:2
FNH:0
FNDA:0,setElectionTime
FNDA:0,setRewards
DA:6,0
DA:7,0
DA:11,0
DA:12,0
LF:4
LH:0
BRF:0
BRH:0
end_of_record
TN:
SF:/Users/loom-reda/workspaces/loom/dashboard/src/dpos/store/types.ts
FN:42,(anonymous_0)
FN:72,(anonymous_1)
FN:79,(anonymous_2)
FNF:3
FNH:0
FNDA:0,(anonymous_0)
FNDA:0,(anonymous_1)
FNDA:0,(anonymous_2)
DA:44,0
DA:46,0
DA:47,0
DA:48,0
DA:49,0
DA:50,0
DA:51,0
DA:53,0
DA:54,0
DA:55,0
DA:56,0
DA:57,0
DA:62,0
DA:66,0
DA:67,0
DA:68,0
DA:69,0
DA:70,0
DA:73,0
DA:75,0
DA:76,0
DA:77,0
DA:80,0
DA:82,0
DA:84,0
DA:85,0
DA:87,0
LF:27
LH:0
BRDA:84,0,0,0
BRDA:84,0,1,0
BRF:2
BRH:0
end_of_record
TN:
SF:/Users/loom-reda/workspaces/loom/dashboard/src/services/TokenService.ts
FN:37,(anonymous_0)
FN:44,(anonymous_1)
FN:48,(anonymous_2)
FN:62,(anonymous_3)
FN:73,(anonymous_4)
FN:74,(anonymous_5)
FN:82,(anonymous_6)
FN:83,(anonymous_7)
FN:90,(anonymous_8)
FN:94,(anonymous_9)
FNF:10
FNH:1
FNDA:1,(anonymous_0)
FNDA:0,(anonymous_1)
FNDA:0,(anonymous_2)
FNDA:0,(anonymous_3)
FNDA:0,(anonymous_4)
FNDA:0,(anonymous_5)
FNDA:0,(anonymous_6)
FNDA:0,(anonymous_7)
FNDA:0,(anonymous_8)
FNDA:0,(anonymous_9)
DA:38,1
DA:39,1
DA:45,0
DA:46,0
DA:47,0
DA:48,0
DA:55,0
DA:66,0
DA:67,0
DA:74,0
DA:75,0
DA:76,0
DA:83,0
DA:84,0
DA:85,0
DA:87,0
DA:94,0
DA:95,0
DA:96,0
DA:99,0
DA:101,0
DA:106,1
LF:22
LH:3
BRDA:84,0,0,0
BRDA:84,0,1,0
BRDA:95,1,0,0
BRDA:95,1,1,0
BRF:4
BRH:0
end_of_record
TN:
SF:/Users/loom-reda/workspaces/loom/dashboard/src/store/plasma/index.ts
FN:67,(anonymous_0)
FN:95,setConfig
FN:109,getAddress
FN:114,createClient
FN:125,changeIdentity
FN:154,getCallerAddress
FN:169,getPublicAddressFromPrivateKeyUint8Array
FNF:7
FNH:0
FNDA:0,(anonymous_0)
FNDA:0,setConfig
FNDA:0,getAddress
FNDA:0,createClient
FNDA:0,changeIdentity
FNDA:0,getCallerAddress
FNDA:0,getPublicAddressFromPrivateKeyUint8Array
DA:25,1
DA:29,1
DA:63,1
DA:64,1
DA:66,1
DA:68,0
DA:96,0
DA:97,0
DA:98,0
DA:102,0
DA:110,0
DA:111,0
DA:115,0
DA:116,0
DA:129,0
DA:130,0
DA:131,0
DA:132,0
DA:134,0
DA:136,0
DA:137,0
DA:143,0
DA:155,0
DA:157,0
DA:158,0
DA:159,0
DA:160,0
DA:161,0
DA:162,0
DA:164,0
DA:166,0
DA:173,0
DA:176,0
DA:179,0
LF:34
LH:5
BRDA:134,0,0,0
BRDA:134,0,1,0
BRDA:158,1,0,0
BRDA:158,1,1,0
BRDA:161,2,0,0
BRDA:161,2,1,0
BRF:6
BRH:0
end_of_record
TN:
SF:/Users/loom-reda/workspaces/loom/dashboard/src/store/plasma/mutations.ts
FN:7,setSelectedToken
FN:14,setBalance
FNF:2
FNH:0
FNDA:0,setSelectedToken
FNDA:0,setBalance
DA:11,0
DA:21,0
DA:22,0
LF:3
LH:0
BRF:0
BRH:0
end_of_record
TN:
SF:/Users/loom-reda/workspaces/loom/dashboard/src/store/plasma/tokens.ts
FN:22,resetContracts
FN:33,addContract
FN:59,getAdapter
FN:81,(anonymous_3)
FN:78,(anonymous_4)
FN:83,(anonymous_5)
FN:88,(anonymous_6)
FN:94,(anonymous_7)
FN:97,(anonymous_8)
FN:101,(anonymous_9)
FN:108,(anonymous_10)
FN:109,(anonymous_11)
FN:112,(anonymous_12)
FN:119,(anonymous_13)
FN:121,(anonymous_14)
FN:125,(anonymous_15)
FN:127,(anonymous_16)
FN:133,(anonymous_17)
FN:144,addCoinState
FN:152,addToken
FN:187,refreshBalance
FN:208,allowance
FN:221,approve
FN:236,transfer
FNF:24
FNH:0
FNDA:0,resetContracts
FNDA:0,addContract
FNDA:0,getAdapter
FNDA:0,(anonymous_3)
FNDA:0,(anonymous_4)
FNDA:0,(anonymous_5)
FNDA:0,(anonymous_6)
FNDA:0,(anonymous_7)
FNDA:0,(anonymous_8)
FNDA:0,(anonymous_9)
FNDA:0,(anonymous_10)
FNDA:0,(anonymous_11)
FNDA:0,(anonymous_12)
FNDA:0,(anonymous_13)
FNDA:0,(anonymous_14)
FNDA:0,(anonymous_15)
FNDA:0,(anonymous_16)
FNDA:0,(anonymous_17)
FNDA:0,addCoinState
FNDA:0,addToken
FNDA:0,refreshBalance
FNDA:0,allowance
FNDA:0,approve
FNDA:0,transfer
DA:13,1
DA:18,1
DA:20,1
DA:23,0
DA:39,0
DA:41,0
DA:42,0
DA:44,0
DA:45,0
DA:47,0
DA:48,0
DA:50,0
DA:52,0
DA:60,0
DA:61,0
DA:62,0
DA:64,0
DA:79,0
DA:81,0
DA:84,0
DA:85,0
DA:86,0
DA:89,0
DA:95,0
DA:98,0
DA:102,0
DA:103,0
DA:108,0
DA:110,0
DA:113,0
DA:114,0
DA:119,0
DA:122,0
DA:125,0
DA:128,0
DA:129,0
DA:134,0
DA:135,0
DA:138,0
DA:139,0
DA:140,0
DA:145,0
DA:153,0
DA:154,0
DA:155,0
DA:156,0
DA:158,0
DA:159,0
DA:160,0
DA:162,0
DA:163,0
DA:164,0
DA:169,0
DA:170,0
DA:172,0
DA:173,0
DA:174,0
DA:176,0
DA:178,0
DA:191,0
DA:193,0
DA:194,0
DA:195,0
DA:196,0
DA:198,0
DA:199,0
DA:212,0
DA:213,0
DA:222,0
DA:223,0
DA:224,0
DA:226,0
DA:227,0
DA:229,0
DA:240,0
DA:241,0
DA:242,0
DA:243,0
DA:244,0
DA:248,0
LF:80
LH:3
BRDA:40,0,0,0
BRDA:40,0,1,0
BRDA:40,0,2,0
BRDA:40,0,3,0
BRDA:61,1,0,0
BRDA:61,1,1,0
BRDA:159,2,0,0
BRDA:159,2,1,0
BRDA:163,3,0,0
BRDA:163,3,1,0
BRDA:226,4,0,0
BRDA:226,4,1,0
BRDA:243,5,0,0
BRDA:243,5,1,0
BRF:14
BRH:0
end_of_record
TN:
SF:/Users/loom-reda/workspaces/loom/dashboard/src/store/plasma/types.ts
FN:43,(anonymous_0)
FN:89,(anonymous_1)
FNF:2
FNH:2
FNDA:1,(anonymous_0)
FNDA:1,(anonymous_1)
DA:43,1
DA:44,1
DA:45,1
DA:46,1
DA:47,1
DA:48,1
DA:89,1
DA:90,1
LF:8
LH:8
BRDA:43,0,0,1
BRDA:43,0,1,1
BRDA:89,1,0,1
BRDA:89,1,1,1
BRF:4
BRH:4
end_of_record
